#
# There is insufficient memory for the Java Runtime Environment to continue.
# Native memory allocation (mmap) failed to map 450887680 bytes for committing reserved memory.
# Possible reasons:
#   The system is out of physical RAM or swap space
#   In 32 bit mode, the process size limit was hit
# Possible solutions:
#   Reduce memory load on the system
#   Increase physical memory or swap space
#   Check if swap backing store is full
#   Use 64 bit Java on a 64 bit OS
#   Decrease Java heap size (-Xmx/-Xms)
#   Decrease number of Java threads
#   Decrease Java thread stack sizes (-Xss)
#   Set larger code cache with -XX:ReservedCodeCacheSize=
# This output file may be truncated or incomplete.
#
#  Out of Memory Error (os_linux.cpp:2627), pid=17636, tid=0x00007f9cfb0f8700
#
# JRE version: Java(TM) SE Runtime Environment (8.0_121-b13) (build 1.8.0_121-b13)
# Java VM: Java HotSpot(TM) 64-Bit Server VM (25.121-b13 mixed mode linux-amd64 compressed oops)
# Failed to write core dump. Core dumps have been disabled. To enable core dumping, try "ulimit -c unlimited" before starting Java again
#

---------------  T H R E A D  ---------------

Current thread (0x00007f9d84084000):  VMThread [stack: 0x00007f9cfaff8000,0x00007f9cfb0f9000] [id=17642]

Stack: [0x00007f9cfaff8000,0x00007f9cfb0f9000],  sp=0x00007f9cfb0f73a0,  free space=1020k
Native frames: (J=compiled Java code, j=interpreted, Vv=VM code, C=native code)
V  [libjvm.so+0xac703a]  VMError::report_and_die()+0x2ba
V  [libjvm.so+0x4fc7eb]  report_vm_out_of_memory(char const*, int, unsigned long, VMErrorType, char const*)+0x8b
V  [libjvm.so+0x923c43]  os::Linux::commit_memory_impl(char*, unsigned long, bool)+0x103
V  [libjvm.so+0x924199]  os::pd_commit_memory(char*, unsigned long, unsigned long, bool)+0x29
V  [libjvm.so+0x91e4aa]  os::commit_memory(char*, unsigned long, unsigned long, bool)+0x2a
V  [libjvm.so+0x992f03]  PSVirtualSpace::expand_by(unsigned long)+0x53
V  [libjvm.so+0x9837c0]  PSOldGen::expand(unsigned long)+0x170
V  [libjvm.so+0x9839cb]  PSOldGen::resize(unsigned long)+0x1cb
V  [libjvm.so+0x98b6d1]  PSParallelCompact::invoke_no_policy(bool)+0x991
V  [libjvm.so+0x99102d]  PSScavenge::invoke()+0x1ad
V  [libjvm.so+0x947c10]  ParallelScavengeHeap::failed_mem_allocate(unsigned long)+0x70
V  [libjvm.so+0xac8a57]  VM_ParallelGCFailedAllocation::doit()+0x97
V  [libjvm.so+0xad0535]  VM_Operation::evaluate()+0x55
V  [libjvm.so+0xace90a]  VMThread::evaluate_operation(VM_Operation*)+0xba
V  [libjvm.so+0xacec8e]  VMThread::loop()+0x1ce
V  [libjvm.so+0xacf100]  VMThread::run()+0x70
V  [libjvm.so+0x926268]  java_start(Thread*)+0x108

VM_Operation (0x00007f9cf21e8460): ParallelGCFailedAllocation, mode: safepoint, requested by thread 0x00007f9d85463800


---------------  P R O C E S S  ---------------

Java Threads: ( => current thread )
  0x00007f9ca8009800 JavaThread "task-result-getter-3" daemon [_thread_blocked, id=17692, stack(0x00007f9cf0c15000,0x00007f9cf0d16000)]
  0x00007f9ca8007800 JavaThread "task-result-getter-2" daemon [_thread_blocked, id=17691, stack(0x00007f9cf0d16000,0x00007f9cf0e17000)]
  0x00007f9ca8005800 JavaThread "task-result-getter-1" daemon [_thread_blocked, id=17690, stack(0x00007f9cf0e17000,0x00007f9cf0f18000)]
  0x00007f9ca8004800 JavaThread "task-result-getter-0" daemon [_thread_blocked, id=17689, stack(0x00007f9cf0f18000,0x00007f9cf1019000)]
  0x00007f9ca402e800 JavaThread "Executor task launch worker-3" daemon [_thread_blocked, id=17688, stack(0x00007f9cf1019000,0x00007f9cf111a000)]
  0x00007f9ca402c800 JavaThread "Executor task launch worker-2" daemon [_thread_blocked, id=17687, stack(0x00007f9cf111a000,0x00007f9cf121b000)]
  0x00007f9ca402b000 JavaThread "Executor task launch worker-1" daemon [_thread_blocked, id=17686, stack(0x00007f9cf121b000,0x00007f9cf131c000)]
  0x00007f9ca4029800 JavaThread "Executor task launch worker-0" daemon [_thread_blocked, id=17685, stack(0x00007f9cf1994000,0x00007f9cf1a95000)]
  0x00007f9d85469000 JavaThread "SparkListenerBus" daemon [_thread_blocked, id=17681, stack(0x00007f9cf1ee7000,0x00007f9cf1fe8000)]
  0x00007f9d85465800 JavaThread "context-cleaner-periodic-gc" daemon [_thread_blocked, id=17680, stack(0x00007f9cf1fe8000,0x00007f9cf20e9000)]
  0x00007f9d85463800 JavaThread "Spark Context Cleaner" daemon [_thread_blocked, id=17679, stack(0x00007f9cf20e9000,0x00007f9cf21ea000)]
  0x00007f9d85211800 JavaThread "shuffle-server-5-1" daemon [_thread_blocked, id=17678, stack(0x00007f9cf23ea000,0x00007f9cf24eb000)]
  0x00007f9d8520b800 JavaThread "driver-heartbeater" daemon [_thread_blocked, id=17677, stack(0x00007f9cf24eb000,0x00007f9cf25ec000)]
  0x00007f9d851f7000 JavaThread "dag-scheduler-event-loop" daemon [_thread_blocked, id=17676, stack(0x00007f9cf27ec000,0x00007f9cf28ed000)]
  0x00007f9c80014800 JavaThread "netty-rpc-env-timeout" daemon [_thread_blocked, id=17675, stack(0x00007f9cf28ed000,0x00007f9cf29ee000)]
  0x00007f9d851d1800 JavaThread "Timer-0" daemon [_thread_blocked, id=17674, stack(0x00007f9cf29ee000,0x00007f9cf2aef000)]
  0x00007f9cb001f000 JavaThread "heartbeat-receiver-event-loop-thread" daemon [_thread_blocked, id=17673, stack(0x00007f9cf2aef000,0x00007f9cf2bf0000)]
  0x00007f9d85151800 JavaThread "SparkUI-40" daemon [_thread_blocked, id=17672, stack(0x00007f9cf2bf0000,0x00007f9cf2cf1000)]
  0x00007f9d85150000 JavaThread "SparkUI-39" daemon [_thread_blocked, id=17671, stack(0x00007f9cf2cf1000,0x00007f9cf2df2000)]
  0x00007f9d8514e800 JavaThread "SparkUI-38" daemon [_thread_blocked, id=17670, stack(0x00007f9cf2df2000,0x00007f9cf2ef3000)]
  0x00007f9d8514c800 JavaThread "SparkUI-37" daemon [_thread_blocked, id=17669, stack(0x00007f9cf2ef3000,0x00007f9cf2ff4000)]
  0x00007f9d8514b000 JavaThread "SparkUI-36" daemon [_thread_blocked, id=17668, stack(0x00007f9cf2ff4000,0x00007f9cf30f5000)]
  0x00007f9d85149000 JavaThread "SparkUI-35-acceptor-0@52ce0a44-ServerConnector@5c09ee6d{HTTP/1.1}{0.0.0.0:4040}" daemon [_thread_in_native, id=17667, stack(0x00007f9cf30f5000,0x00007f9cf31f6000)]
  0x00007f9d85148000 JavaThread "SparkUI-34-selector-ServerConnectorManager@4b40e162/0" daemon [_thread_in_native, id=17666, stack(0x00007f9cf31f6000,0x00007f9cf32f7000)]
  0x00007f9d85140000 JavaThread "SparkUI-33-selector-ServerConnectorManager@4b40e162/1" daemon [_thread_in_native, id=17665, stack(0x00007f9cf32f7000,0x00007f9cf33f8000)]
  0x00007f9d85049000 JavaThread "map-output-dispatcher-7" daemon [_thread_blocked, id=17663, stack(0x00007f9cf35f8000,0x00007f9cf36f9000)]
  0x00007f9d85047800 JavaThread "map-output-dispatcher-6" daemon [_thread_blocked, id=17662, stack(0x00007f9cf36f9000,0x00007f9cf37fa000)]
  0x00007f9d85046000 JavaThread "map-output-dispatcher-5" daemon [_thread_blocked, id=17661, stack(0x00007f9cf37fa000,0x00007f9cf38fb000)]
  0x00007f9d85044000 JavaThread "map-output-dispatcher-4" daemon [_thread_blocked, id=17660, stack(0x00007f9cf38fb000,0x00007f9cf39fc000)]
  0x00007f9d85042800 JavaThread "map-output-dispatcher-3" daemon [_thread_blocked, id=17659, stack(0x00007f9cf39fc000,0x00007f9cf3afd000)]
  0x00007f9d85040800 JavaThread "map-output-dispatcher-2" daemon [_thread_blocked, id=17658, stack(0x00007f9cf3afd000,0x00007f9cf3bfe000)]
  0x00007f9d8503f000 JavaThread "map-output-dispatcher-1" daemon [_thread_blocked, id=17657, stack(0x00007f9cf3bfe000,0x00007f9cf3cff000)]
  0x00007f9d8503a000 JavaThread "map-output-dispatcher-0" daemon [_thread_blocked, id=17656, stack(0x00007f9cf3cff000,0x00007f9cf3e00000)]
  0x00007f9d8501f000 JavaThread "shuffle-server-3-1" daemon [_thread_blocked, id=17655, stack(0x00007f9cf8039000,0x00007f9cf813a000)]
  0x00007f9d84e4b000 JavaThread "dispatcher-event-loop-3" daemon [_thread_blocked, id=17654, stack(0x00007f9cf855e000,0x00007f9cf865f000)]
  0x00007f9d84e4a000 JavaThread "dispatcher-event-loop-2" daemon [_thread_blocked, id=17653, stack(0x00007f9cf865f000,0x00007f9cf8760000)]
  0x00007f9d84e42800 JavaThread "dispatcher-event-loop-1" daemon [_thread_blocked, id=17652, stack(0x00007f9cf8760000,0x00007f9cf8861000)]
  0x00007f9d84e41800 JavaThread "dispatcher-event-loop-0" daemon [_thread_blocked, id=17651, stack(0x00007f9cf8861000,0x00007f9cf8962000)]
  0x00007f9d840cd000 JavaThread "Service Thread" daemon [_thread_blocked, id=17649, stack(0x00007f9cfa617000,0x00007f9cfa718000)]
  0x00007f9d840c9800 JavaThread "C1 CompilerThread2" daemon [_thread_blocked, id=17648, stack(0x00007f9cfa718000,0x00007f9cfa819000)]
  0x00007f9d840c8000 JavaThread "C2 CompilerThread1" daemon [_thread_blocked, id=17647, stack(0x00007f9cfa819000,0x00007f9cfa91a000)]
  0x00007f9d840c5000 JavaThread "C2 CompilerThread0" daemon [_thread_blocked, id=17646, stack(0x00007f9cfa91a000,0x00007f9cfaa1b000)]
  0x00007f9d840c3800 JavaThread "Signal Dispatcher" daemon [_thread_blocked, id=17645, stack(0x00007f9cfaa1b000,0x00007f9cfab1c000)]
  0x00007f9d84090000 JavaThread "Finalizer" daemon [_thread_blocked, id=17644, stack(0x00007f9cfadf6000,0x00007f9cfaef7000)]
  0x00007f9d8408b800 JavaThread "Reference Handler" daemon [_thread_blocked, id=17643, stack(0x00007f9cfaef7000,0x00007f9cfaff8000)]
  0x00007f9d84016000 JavaThread "main" [_thread_blocked, id=17637, stack(0x00007f9d8c91c000,0x00007f9d8ca1d000)]

Other Threads:
=>0x00007f9d84084000 VMThread [stack: 0x00007f9cfaff8000,0x00007f9cfb0f9000] [id=17642]
  0x00007f9d840d0000 WatcherThread [stack: 0x00007f9cfa516000,0x00007f9cfa617000] [id=17650]

VM state:at safepoint (normal execution)

VM Mutex/Monitor currently owned by a thread:  ([mutex/lock_event])
[0x00007f9d84012120] ExpandHeap_lock - owner thread: 0x00007f9d84084000
[0x00007f9d840127a0] Threads_lock - owner thread: 0x00007f9d84084000
[0x00007f9d84012ca0] Heap_lock - owner thread: 0x00007f9d85463800

Heap:
 PSYoungGen      total 2524672K, used 66382K [0x0000000715580000, 0x00000007c0000000, 0x00000007c0000000)
  eden space 2388480K, 0% used [0x0000000715580000,0x0000000715580000,0x00000007a7200000)
  from space 136192K, 48% used [0x00000007b7b00000,0x00000007bbbd3a08,0x00000007c0000000)
  to   space 203776K, 0% used [0x00000007a7200000,0x00000007a7200000,0x00000007b3900000)
 ParOldGen       total 1388544K, used 1388277K [0x00000005c0000000, 0x0000000614c00000, 0x0000000715580000)
  object space 1388544K, 99% used [0x00000005c0000000,0x0000000614bbd680,0x0000000614c00000)
 Metaspace       used 64150K, capacity 64925K, committed 65024K, reserved 1105920K
  class space    used 9185K, capacity 9373K, committed 9472K, reserved 1048576K

Card table byte_map: [0x00007f9d88a8e000,0x00007f9d89a8f000] byte_map_base: 0x00007f9d85c8e000

Marking Bits: (ParMarkBitMap*) 0x00007f9d8bdf9c80
 Begin Bits: [0x00007f9cd4000000, 0x00007f9cdc000000)
 End Bits:   [0x00007f9cdc000000, 0x00007f9ce4000000)

Polling page: 0x00007f9d8ca49000

CodeCache: size=2097152Kb used=25304Kb max_used=25310Kb free=2071847Kb
 bounds [0x00007f9d04000000, 0x00007f9d058e0000, 0x00007f9d84000000]
 total_blobs=8015 nmethods=7445 adapters=482
 compilation: enabled

Compilation events (10 events):
Event: 646,199 Thread 0x00007f9d840c5000 nmethod 7646 0x00007f9d058c7550 code [0x00007f9d058c76a0, 0x00007f9d058c7718]
Event: 646,199 Thread 0x00007f9d840c9800 nmethod 7644 0x00007f9d058c5c90 code [0x00007f9d058c5e00, 0x00007f9d058c61d0]
Event: 646,199 Thread 0x00007f9d840c9800 7647       3       org.apache.spark.scheduler.SparkListener::onExecutorMetricsUpdate (1 bytes)
Event: 646,199 Thread 0x00007f9d840c9800 nmethod 7647 0x00007f9d058c5950 code [0x00007f9d058c5ac0, 0x00007f9d058c5c18]
Event: 646,199 Thread 0x00007f9d840c9800 7645       3       org.apache.spark.ui.jobs.JobProgressListener$$anonfun$onExecutorMetricsUpdate$1::apply (12 bytes)
Event: 646,199 Thread 0x00007f9d840c9800 nmethod 7645 0x00007f9d058c51d0 code [0x00007f9d058c5360, 0x00007f9d058c57f8]
Event: 646,199 Thread 0x00007f9d840c9800 7648       1       org.apache.spark.scheduler.SparkListenerExecutorMetricsUpdate::accumUpdates (5 bytes)
Event: 646,200 Thread 0x00007f9d840c9800 nmethod 7648 0x00007f9d058c7290 code [0x00007f9d058c73e0, 0x00007f9d058c74f8]
Event: 646,200 Thread 0x00007f9d840c9800 7649       1       org.apache.spark.HeartbeatReceiver$$anonfun$receiveAndReply$1$$anon$2::org$apache$spark$HeartbeatReceiver$$anonfun$$anon$$$outer (5 bytes)
Event: 646,200 Thread 0x00007f9d840c9800 nmethod 7649 0x00007f9d058c4f10 code [0x00007f9d058c5060, 0x00007f9d058c5178]

GC Heap History (10 events):
Event: 631,203 GC heap after
Heap after GC invocations=186 (full 9):
 PSYoungGen      total 2657280K, used 125560K [0x0000000715580000, 0x00000007bfd80000, 0x00000007c0000000)
  eden space 2522112K, 0% used [0x0000000715580000,0x0000000715580000,0x00000007af480000)
  from space 135168K, 92% used [0x00000007b7980000,0x00000007bf41e000,0x00000007bfd80000)
  to   space 135680K, 0% used [0x00000007af480000,0x00000007af480000,0x00000007b7900000)
 ParOldGen       total 1388544K, used 1137105K [0x00000005c0000000, 0x0000000614c00000, 0x0000000715580000)
  object space 1388544K, 81% used [0x00000005c0000000,0x0000000605674478,0x0000000614c00000)
 Metaspace       used 64144K, capacity 64925K, committed 65024K, reserved 1105920K
  class space    used 9185K, capacity 9373K, committed 9472K, reserved 1048576K
}
Event: 635,621 GC heap before
{Heap before GC invocations=187 (full 9):
 PSYoungGen      total 2657280K, used 2647672K [0x0000000715580000, 0x00000007bfd80000, 0x00000007c0000000)
  eden space 2522112K, 100% used [0x0000000715580000,0x00000007af480000,0x00000007af480000)
  from space 135168K, 92% used [0x00000007b7980000,0x00000007bf41e000,0x00000007bfd80000)
  to   space 135680K, 0% used [0x00000007af480000,0x00000007af480000,0x00000007b7900000)
 ParOldGen       total 1388544K, used 1137105K [0x00000005c0000000, 0x0000000614c00000, 0x0000000715580000)
  object space 1388544K, 81% used [0x00000005c0000000,0x0000000605674478,0x0000000614c00000)
 Metaspace       used 64144K, capacity 64925K, committed 65024K, reserved 1105920K
  class space    used 9185K, capacity 9373K, committed 9472K, reserved 1048576K
Event: 635,745 GC heap after
Heap after GC invocations=187 (full 9):
 PSYoungGen      total 2657792K, used 123482K [0x0000000715580000, 0x00000007bfe80000, 0x00000007c0000000)
  eden space 2522112K, 0% used [0x0000000715580000,0x0000000715580000,0x00000007af480000)
  from space 135680K, 91% used [0x00000007af480000,0x00000007b6d168f0,0x00000007b7900000)
  to   space 134656K, 0% used [0x00000007b7b00000,0x00000007b7b00000,0x00000007bfe80000)
 ParOldGen       total 1388544K, used 1142973K [0x00000005c0000000, 0x0000000614c00000, 0x0000000715580000)
  object space 1388544K, 82% used [0x00000005c0000000,0x0000000605c2f608,0x0000000614c00000)
 Metaspace       used 64144K, capacity 64925K, committed 65024K, reserved 1105920K
  class space    used 9185K, capacity 9373K, committed 9472K, reserved 1048576K
}
Event: 640,152 GC heap before
{Heap before GC invocations=188 (full 9):
 PSYoungGen      total 2657792K, used 2645594K [0x0000000715580000, 0x00000007bfe80000, 0x00000007c0000000)
  eden space 2522112K, 100% used [0x0000000715580000,0x00000007af480000,0x00000007af480000)
  from space 135680K, 91% used [0x00000007af480000,0x00000007b6d168f0,0x00000007b7900000)
  to   space 134656K, 0% used [0x00000007b7b00000,0x00000007b7b00000,0x00000007bfe80000)
 ParOldGen       total 1388544K, used 1142973K [0x00000005c0000000, 0x0000000614c00000, 0x0000000715580000)
  object space 1388544K, 82% used [0x00000005c0000000,0x0000000605c2f608,0x0000000614c00000)
 Metaspace       used 64148K, capacity 64925K, committed 65024K, reserved 1105920K
  class space    used 9185K, capacity 9373K, committed 9472K, reserved 1048576K
Event: 640,315 GC heap after
Heap after GC invocations=188 (full 9):
 PSYoungGen      total 2659840K, used 123040K [0x0000000715580000, 0x00000007bfe00000, 0x00000007c0000000)
  eden space 2525696K, 0% used [0x0000000715580000,0x0000000715580000,0x00000007af800000)
  from space 134144K, 91% used [0x00000007b7b00000,0x00000007bf3283f0,0x00000007bfe00000)
  to   space 134144K, 0% used [0x00000007af800000,0x00000007af800000,0x00000007b7b00000)
 ParOldGen       total 1388544K, used 1149400K [0x00000005c0000000, 0x0000000614c00000, 0x0000000715580000)
  object space 1388544K, 82% used [0x00000005c0000000,0x00000006062760c0,0x0000000614c00000)
 Metaspace       used 64148K, capacity 64925K, committed 65024K, reserved 1105920K
  class space    used 9185K, capacity 9373K, committed 9472K, reserved 1048576K
}
Event: 645,101 GC heap before
{Heap before GC invocations=189 (full 9):
 PSYoungGen      total 2659840K, used 2648736K [0x0000000715580000, 0x00000007bfe00000, 0x00000007c0000000)
  eden space 2525696K, 100% used [0x0000000715580000,0x00000007af800000,0x00000007af800000)
  from space 134144K, 91% used [0x00000007b7b00000,0x00000007bf3283f0,0x00000007bfe00000)
  to   space 134144K, 0% used [0x00000007af800000,0x00000007af800000,0x00000007b7b00000)
 ParOldGen       total 1388544K, used 1149400K [0x00000005c0000000, 0x0000000614c00000, 0x0000000715580000)
  object space 1388544K, 82% used [0x00000005c0000000,0x00000006062760c0,0x0000000614c00000)
 Metaspace       used 64148K, capacity 64925K, committed 65024K, reserved 1105920K
  class space    used 9185K, capacity 9373K, committed 9472K, reserved 1048576K
Event: 645,278 GC heap after
Heap after GC invocations=189 (full 9):
 PSYoungGen      total 2659840K, used 134123K [0x0000000715580000, 0x00000007c0000000, 0x00000007c0000000)
  eden space 2525696K, 0% used [0x0000000715580000,0x0000000715580000,0x00000007af800000)
  from space 134144K, 99% used [0x00000007af800000,0x00000007b7afae40,0x00000007b7b00000)
  to   space 136192K, 0% used [0x00000007b7b00000,0x00000007b7b00000,0x00000007c0000000)
 ParOldGen       total 1388544K, used 1191722K [0x00000005c0000000, 0x0000000614c00000, 0x0000000715580000)
  object space 1388544K, 85% used [0x00000005c0000000,0x0000000608bcab98,0x0000000614c00000)
 Metaspace       used 64148K, capacity 64925K, committed 65024K, reserved 1105920K
  class space    used 9185K, capacity 9373K, committed 9472K, reserved 1048576K
}
Event: 650,089 GC heap before
{Heap before GC invocations=190 (full 9):
 PSYoungGen      total 2659840K, used 2659819K [0x0000000715580000, 0x00000007c0000000, 0x00000007c0000000)
  eden space 2525696K, 100% used [0x0000000715580000,0x00000007af800000,0x00000007af800000)
  from space 134144K, 99% used [0x00000007af800000,0x00000007b7afae40,0x00000007b7b00000)
  to   space 136192K, 0% used [0x00000007b7b00000,0x00000007b7b00000,0x00000007c0000000)
 ParOldGen       total 1388544K, used 1191722K [0x00000005c0000000, 0x0000000614c00000, 0x0000000715580000)
  object space 1388544K, 85% used [0x00000005c0000000,0x0000000608bcab98,0x0000000614c00000)
 Metaspace       used 64150K, capacity 64925K, committed 65024K, reserved 1105920K
  class space    used 9185K, capacity 9373K, committed 9472K, reserved 1048576K
Event: 650,306 GC heap after
Heap after GC invocations=190 (full 9):
 PSYoungGen      total 2524672K, used 136167K [0x0000000715580000, 0x00000007c0000000, 0x00000007c0000000)
  eden space 2388480K, 0% used [0x0000000715580000,0x0000000715580000,0x00000007a7200000)
  from space 136192K, 99% used [0x00000007b7b00000,0x00000007bfff9c30,0x00000007c0000000)
  to   space 203776K, 0% used [0x00000007a7200000,0x00000007a7200000,0x00000007b3900000)
 ParOldGen       total 1388544K, used 1330870K [0x00000005c0000000, 0x0000000614c00000, 0x0000000715580000)
  object space 1388544K, 95% used [0x00000005c0000000,0x00000006113ad8e8,0x0000000614c00000)
 Metaspace       used 64150K, capacity 64925K, committed 65024K, reserved 1105920K
  class space    used 9185K, capacity 9373K, committed 9472K, reserved 1048576K
}
Event: 650,306 GC heap before
{Heap before GC invocations=191 (full 10):
 PSYoungGen      total 2524672K, used 136167K [0x0000000715580000, 0x00000007c0000000, 0x00000007c0000000)
  eden space 2388480K, 0% used [0x0000000715580000,0x0000000715580000,0x00000007a7200000)
  from space 136192K, 99% used [0x00000007b7b00000,0x00000007bfff9c30,0x00000007c0000000)
  to   space 203776K, 0% used [0x00000007a7200000,0x00000007a7200000,0x00000007b3900000)
 ParOldGen       total 1388544K, used 1330870K [0x00000005c0000000, 0x0000000614c00000, 0x0000000715580000)
  object space 1388544K, 95% used [0x00000005c0000000,0x00000006113ad8e8,0x0000000614c00000)
 Metaspace       used 64150K, capacity 64925K, committed 65024K, reserved 1105920K
  class space    used 9185K, capacity 9373K, committed 9472K, reserved 1048576K

Deoptimization events (10 events):
Event: 358,276 Thread 0x00007f9ca4029800 Uncommon trap: reason=unstable_if action=reinterpret pc=0x00007f9d0554f7c8 method=edu.stanford.nlp.tagger.maxent.CompanyNameDetector.extract(Ledu/stanford/nlp/tagger/maxent/History;Ledu/stanford/nlp/tagger/maxent/PairsHolder;)Ljava/lang/String; @ 11
Event: 358,276 Thread 0x00007f9ca4029800 Uncommon trap: reason=unstable_if action=reinterpret pc=0x00007f9d0511755c method=edu.stanford.nlp.tagger.maxent.ExtractorMidSentenceCapC.extract(Ledu/stanford/nlp/tagger/maxent/History;Ledu/stanford/nlp/tagger/maxent/PairsHolder;)Ljava/lang/String; @ 39
Event: 358,284 Thread 0x00007f9ca4029800 Uncommon trap: reason=unstable_if action=reinterpret pc=0x00007f9d053b62c0 method=edu.stanford.nlp.tagger.maxent.RareExtractor.allUpperCase(Ljava/lang/String;)Z @ 26
Event: 469,170 Thread 0x00007f9ca402c800 Uncommon trap: reason=unstable_if action=reinterpret pc=0x00007f9d053bc340 method=edu.stanford.nlp.process.PTBLexer.removeSoftHyphens(Ljava/lang/String;)Ljava/lang/String; @ 7
Event: 628,522 Thread 0x00007f9ca402c800 Uncommon trap: reason=unloaded action=reinterpret pc=0x00007f9d04ed15a4 method=sun.nio.cs.UTF_8$Encoder.encode([CII[B)I @ 153
Event: 628,523 Thread 0x00007f9ca402c800 Uncommon trap: reason=unstable_if action=reinterpret pc=0x00007f9d052bfb8c method=sun.nio.cs.UTF_8$Decoder.decode([BII[C)I @ 218
Event: 628,524 Thread 0x00007f9ca402c800 Uncommon trap: reason=unstable_if action=reinterpret pc=0x00007f9d055cb610 method=java.lang.Character.codePointAtImpl([CII)I @ 8
Event: 628,524 Thread 0x00007f9ca402c800 Uncommon trap: reason=unloaded action=reinterpret pc=0x00007f9d05731bb8 method=java.lang.CharacterData.of(I)Ljava/lang/CharacterData; @ 100
Event: 628,532 Thread 0x00007f9ca402c800 Uncommon trap: reason=unstable_if action=reinterpret pc=0x00007f9d055924a0 method=java.lang.Character.codePointAtImpl([CII)I @ 8
Event: 628,532 Thread 0x00007f9ca402c800 Uncommon trap: reason=unloaded action=reinterpret pc=0x00007f9d04ecd238 method=java.lang.CharacterData.of(I)Ljava/lang/CharacterData; @ 100

Internal exceptions (10 events):
Event: 9,890 Thread 0x00007f9d851f7000 Exception <a 'java/lang/NoSuchMethodError': <clinit>> (0x0000000715e1cd88) thrown at [/HUDSON3/workspace/8-2-build-linux-amd64/jdk8u121/8372/hotspot/src/share/vm/prims/jni.cpp, line 1613]
Event: 9,892 Thread 0x00007f9d851f7000 Exception <a 'java/lang/NoSuchMethodError': <clinit>> (0x0000000715e2f3c0) thrown at [/HUDSON3/workspace/8-2-build-linux-amd64/jdk8u121/8372/hotspot/src/share/vm/prims/jni.cpp, line 1613]
Event: 9,892 Thread 0x00007f9d851f7000 Exception <a 'java/lang/NoSuchMethodError': <clinit>> (0x0000000715e30fc0) thrown at [/HUDSON3/workspace/8-2-build-linux-amd64/jdk8u121/8372/hotspot/src/share/vm/prims/jni.cpp, line 1613]
Event: 9,907 Thread 0x00007f9d84e4a000 Exception <a 'java/lang/NoSuchMethodError': <clinit>> (0x0000000715739150) thrown at [/HUDSON3/workspace/8-2-build-linux-amd64/jdk8u121/8372/hotspot/src/share/vm/prims/jni.cpp, line 1613]
Event: 9,910 Thread 0x00007f9d84e4a000 Exception <a 'java/lang/NoSuchMethodError': <clinit>> (0x00000007157554e0) thrown at [/HUDSON3/workspace/8-2-build-linux-amd64/jdk8u121/8372/hotspot/src/share/vm/prims/jni.cpp, line 1613]
Event: 9,913 Thread 0x00007f9d84e4a000 Exception <a 'java/lang/NoSuchMethodError': <clinit>> (0x000000071576c4e8) thrown at [/HUDSON3/workspace/8-2-build-linux-amd64/jdk8u121/8372/hotspot/src/share/vm/prims/jni.cpp, line 1613]
Event: 9,913 Thread 0x00007f9d84e4a000 Exception <a 'java/lang/NoSuchMethodError': <clinit>> (0x000000071576fb08) thrown at [/HUDSON3/workspace/8-2-build-linux-amd64/jdk8u121/8372/hotspot/src/share/vm/prims/jni.cpp, line 1613]
Event: 9,915 Thread 0x00007f9d84e4a000 Exception <a 'java/lang/NoSuchMethodError': <clinit>> (0x000000071577aae0) thrown at [/HUDSON3/workspace/8-2-build-linux-amd64/jdk8u121/8372/hotspot/src/share/vm/prims/jni.cpp, line 1613]
Event: 9,916 Thread 0x00007f9d84e4a000 Exception <a 'java/lang/NoSuchMethodError': <clinit>> (0x000000071578dfb0) thrown at [/HUDSON3/workspace/8-2-build-linux-amd64/jdk8u121/8372/hotspot/src/share/vm/prims/jni.cpp, line 1613]
Event: 15,229 Thread 0x00007f9ca402b000 Implicit null exception at 0x00007f9d05183a8f to 0x00007f9d05184311

Events (10 events):
Event: 628,901 Thread 0x00007f9ca402e800 DEOPT UNPACKING pc=0x00007f9d0404737b sp=0x00007f9cf11175e0 mode 0
Event: 631,065 Executing VM operation: ParallelGCFailedAllocation
Event: 631,203 Executing VM operation: ParallelGCFailedAllocation done
Event: 635,620 Executing VM operation: ParallelGCFailedAllocation
Event: 635,745 Executing VM operation: ParallelGCFailedAllocation done
Event: 640,150 Executing VM operation: ParallelGCFailedAllocation
Event: 640,315 Executing VM operation: ParallelGCFailedAllocation done
Event: 645,098 Executing VM operation: ParallelGCFailedAllocation
Event: 645,278 Executing VM operation: ParallelGCFailedAllocation done
Event: 650,088 Executing VM operation: ParallelGCFailedAllocation


Dynamic libraries:
00400000-00401000 r-xp 00000000 08:01 5255334                            /usr/lib/jvm/java-8-oracle/jre/bin/java
00600000-00601000 rw-p 00000000 08:01 5255334                            /usr/lib/jvm/java-8-oracle/jre/bin/java
02263000-023f6000 rw-p 00000000 00:00 0                                  [heap]
5c0000000-614c00000 rw-p 00000000 00:00 0 
62fa00000-715580000 ---p 00000000 00:00 0 
715580000-7c0000000 rw-p 00000000 00:00 0 
7c0000000-7c0940000 rw-p 00000000 00:00 0 
7c0940000-800000000 ---p 00000000 00:00 0 
7f9c6c000000-7f9c6c021000 rw-p 00000000 00:00 0 
7f9c6c021000-7f9c70000000 ---p 00000000 00:00 0 
7f9c72ffc000-7f9c7303c000 rw-p 00000000 00:00 0 
7f9c7303c000-7f9c731fc000 ---p 00000000 00:00 0 
7f9c731fc000-7f9c733fc000 rw-p 00000000 00:00 0 
7f9c733fc000-7f9c735fc000 rw-p 00000000 00:00 0 
7f9c735fc000-7f9c737fc000 rw-p 00000000 00:00 0 
7f9c737fc000-7f9c739fc000 rw-p 00000000 00:00 0 
7f9c739fc000-7f9c739ff000 ---p 00000000 00:00 0 
7f9c739ff000-7f9c73afd000 rw-p 00000000 00:00 0 
7f9c73afd000-7f9c73b00000 ---p 00000000 00:00 0 
7f9c73b00000-7f9c73bfe000 rw-p 00000000 00:00 0 
7f9c73bfe000-7f9c73c01000 ---p 00000000 00:00 0 
7f9c73c01000-7f9c73cff000 rw-p 00000000 00:00 0 
7f9c73cff000-7f9c73d02000 ---p 00000000 00:00 0 
7f9c73d02000-7f9c74000000 rw-p 00000000 00:00 0 
7f9c74000000-7f9c74021000 rw-p 00000000 00:00 0 
7f9c74021000-7f9c78000000 ---p 00000000 00:00 0 
7f9c78000000-7f9c78021000 rw-p 00000000 00:00 0 
7f9c78021000-7f9c7c000000 ---p 00000000 00:00 0 
7f9c7c000000-7f9c7c021000 rw-p 00000000 00:00 0 
7f9c7c021000-7f9c80000000 ---p 00000000 00:00 0 
7f9c80000000-7f9c80021000 rw-p 00000000 00:00 0 
7f9c80021000-7f9c84000000 ---p 00000000 00:00 0 
7f9c84000000-7f9c84070000 rw-p 00000000 00:00 0 
7f9c84070000-7f9c88000000 ---p 00000000 00:00 0 
7f9c88000000-7f9c88021000 rw-p 00000000 00:00 0 
7f9c88021000-7f9c8c000000 ---p 00000000 00:00 0 
7f9c8c000000-7f9c8c021000 rw-p 00000000 00:00 0 
7f9c8c021000-7f9c90000000 ---p 00000000 00:00 0 
7f9c90000000-7f9c90021000 rw-p 00000000 00:00 0 
7f9c90021000-7f9c94000000 ---p 00000000 00:00 0 
7f9c94000000-7f9c94021000 rw-p 00000000 00:00 0 
7f9c94021000-7f9c98000000 ---p 00000000 00:00 0 
7f9c98000000-7f9c98021000 rw-p 00000000 00:00 0 
7f9c98021000-7f9c9c000000 ---p 00000000 00:00 0 
7f9c9c000000-7f9c9c021000 rw-p 00000000 00:00 0 
7f9c9c021000-7f9ca0000000 ---p 00000000 00:00 0 
7f9ca0000000-7f9ca0034000 rw-p 00000000 00:00 0 
7f9ca0034000-7f9ca4000000 ---p 00000000 00:00 0 
7f9ca4000000-7f9ca409a000 rw-p 00000000 00:00 0 
7f9ca409a000-7f9ca8000000 ---p 00000000 00:00 0 
7f9ca8000000-7f9ca8021000 rw-p 00000000 00:00 0 
7f9ca8021000-7f9cac000000 ---p 00000000 00:00 0 
7f9cac000000-7f9cac14e000 rw-p 00000000 00:00 0 
7f9cac14e000-7f9cb0000000 ---p 00000000 00:00 0 
7f9cb0000000-7f9cb0641000 rw-p 00000000 00:00 0 
7f9cb0641000-7f9cb4000000 ---p 00000000 00:00 0 
7f9cb4000000-7f9cb4021000 rw-p 00000000 00:00 0 
7f9cb4021000-7f9cb8000000 ---p 00000000 00:00 0 
7f9cb8000000-7f9cb84ad000 rw-p 00000000 00:00 0 
7f9cb84ad000-7f9cbc000000 ---p 00000000 00:00 0 
7f9cbc000000-7f9cbffc8000 rw-p 00000000 00:00 0 
7f9cbffc8000-7f9cc0000000 ---p 00000000 00:00 0 
7f9cc0000000-7f9cc10aa000 rw-p 00000000 00:00 0 
7f9cc10aa000-7f9cc4000000 ---p 00000000 00:00 0 
7f9cc4000000-7f9cc4021000 rw-p 00000000 00:00 0 
7f9cc4021000-7f9cc8000000 ---p 00000000 00:00 0 
7f9cc8000000-7f9ccb536000 rw-p 00000000 00:00 0 
7f9ccb536000-7f9ccc000000 ---p 00000000 00:00 0 
7f9ccc000000-7f9ccc021000 rw-p 00000000 00:00 0 
7f9ccc021000-7f9cd0000000 ---p 00000000 00:00 0 
7f9cd0000000-7f9cd0021000 rw-p 00000000 00:00 0 
7f9cd0021000-7f9cd4000000 ---p 00000000 00:00 0 
7f9cd4000000-7f9ce4000000 rw-p 00000000 00:00 0 
7f9ce4000000-7f9ce4034000 rw-p 00000000 00:00 0 
7f9ce4034000-7f9ce8000000 ---p 00000000 00:00 0 
7f9ce8000000-7f9ce8321000 rw-p 00000000 00:00 0 
7f9ce8321000-7f9cec000000 ---p 00000000 00:00 0 
7f9cec000000-7f9cec025000 rw-p 00000000 00:00 0 
7f9cec025000-7f9cf0000000 ---p 00000000 00:00 0 
7f9cf0015000-7f9cf0215000 rw-p 00000000 00:00 0 
7f9cf0215000-7f9cf0415000 rw-p 00000000 00:00 0 
7f9cf0415000-7f9cf0615000 rw-p 00000000 00:00 0 
7f9cf0615000-7f9cf0815000 rw-p 00000000 00:00 0 
7f9cf0815000-7f9cf0a15000 rw-p 00000000 00:00 0 
7f9cf0a15000-7f9cf0c15000 rw-p 00000000 00:00 0 
7f9cf0c15000-7f9cf0c18000 ---p 00000000 00:00 0 
7f9cf0c18000-7f9cf0d16000 rw-p 00000000 00:00 0 
7f9cf0d16000-7f9cf0d19000 ---p 00000000 00:00 0 
7f9cf0d19000-7f9cf0e17000 rw-p 00000000 00:00 0 
7f9cf0e17000-7f9cf0e1a000 ---p 00000000 00:00 0 
7f9cf0e1a000-7f9cf0f18000 rw-p 00000000 00:00 0 
7f9cf0f18000-7f9cf0f1b000 ---p 00000000 00:00 0 
7f9cf0f1b000-7f9cf1019000 rw-p 00000000 00:00 0 
7f9cf1019000-7f9cf101c000 ---p 00000000 00:00 0 
7f9cf101c000-7f9cf111a000 rw-p 00000000 00:00 0 
7f9cf111a000-7f9cf111d000 ---p 00000000 00:00 0 
7f9cf111d000-7f9cf121b000 rw-p 00000000 00:00 0 
7f9cf121b000-7f9cf121e000 ---p 00000000 00:00 0 
7f9cf121e000-7f9cf151c000 rw-p 00000000 00:00 0 
7f9cf1594000-7f9cf1794000 rw-p 00000000 00:00 0 
7f9cf1794000-7f9cf1994000 rw-p 00000000 00:00 0 
7f9cf1994000-7f9cf1997000 ---p 00000000 00:00 0 
7f9cf1997000-7f9cf1a95000 rw-p 00000000 00:00 0 
7f9cf1a95000-7f9cf1a98000 ---p 00000000 00:00 0 
7f9cf1a98000-7f9cf1ace000 rw-p 00000000 00:00 0 
7f9cf1ada000-7f9cf1ae7000 r-xp 00000000 08:01 4718699                    /tmp/liblz4-java3220855572532391337.so
7f9cf1ae7000-7f9cf1ce6000 ---p 0000d000 08:01 4718699                    /tmp/liblz4-java3220855572532391337.so
7f9cf1ce6000-7f9cf1ce7000 rw-p 0000c000 08:01 4718699                    /tmp/liblz4-java3220855572532391337.so
7f9cf1ce7000-7f9cf1ee7000 rw-p 00000000 00:00 0 
7f9cf1ee7000-7f9cf1eea000 ---p 00000000 00:00 0 
7f9cf1eea000-7f9cf1fe8000 rw-p 00000000 00:00 0 
7f9cf1fe8000-7f9cf1feb000 ---p 00000000 00:00 0 
7f9cf1feb000-7f9cf20e9000 rw-p 00000000 00:00 0 
7f9cf20e9000-7f9cf20ec000 ---p 00000000 00:00 0 
7f9cf20ec000-7f9cf23ea000 rw-p 00000000 00:00 0 
7f9cf23ea000-7f9cf23ed000 ---p 00000000 00:00 0 
7f9cf23ed000-7f9cf24eb000 rw-p 00000000 00:00 0 
7f9cf24eb000-7f9cf24ee000 ---p 00000000 00:00 0 
7f9cf24ee000-7f9cf27ec000 rw-p 00000000 00:00 0 
7f9cf27ec000-7f9cf27ef000 ---p 00000000 00:00 0 
7f9cf27ef000-7f9cf28ed000 rw-p 00000000 00:00 0 
7f9cf28ed000-7f9cf28f0000 ---p 00000000 00:00 0 
7f9cf28f0000-7f9cf29ee000 rw-p 00000000 00:00 0 
7f9cf29ee000-7f9cf29f1000 ---p 00000000 00:00 0 
7f9cf29f1000-7f9cf2aef000 rw-p 00000000 00:00 0 
7f9cf2aef000-7f9cf2af2000 ---p 00000000 00:00 0 
7f9cf2af2000-7f9cf2bf0000 rw-p 00000000 00:00 0 
7f9cf2bf0000-7f9cf2bf3000 ---p 00000000 00:00 0 
7f9cf2bf3000-7f9cf2cf1000 rw-p 00000000 00:00 0 
7f9cf2cf1000-7f9cf2cf4000 ---p 00000000 00:00 0 
7f9cf2cf4000-7f9cf2df2000 rw-p 00000000 00:00 0 
7f9cf2df2000-7f9cf2df5000 ---p 00000000 00:00 0 
7f9cf2df5000-7f9cf2ef3000 rw-p 00000000 00:00 0 
7f9cf2ef3000-7f9cf2ef6000 ---p 00000000 00:00 0 
7f9cf2ef6000-7f9cf2ff4000 rw-p 00000000 00:00 0 
7f9cf2ff4000-7f9cf2ff7000 ---p 00000000 00:00 0 
7f9cf2ff7000-7f9cf30f5000 rw-p 00000000 00:00 0 
7f9cf30f5000-7f9cf30f8000 ---p 00000000 00:00 0 
7f9cf30f8000-7f9cf31f6000 rw-p 00000000 00:00 0 
7f9cf31f6000-7f9cf31f9000 ---p 00000000 00:00 0 
7f9cf31f9000-7f9cf32f7000 rw-p 00000000 00:00 0 
7f9cf32f7000-7f9cf32fa000 ---p 00000000 00:00 0 
7f9cf32fa000-7f9cf35f8000 rw-p 00000000 00:00 0 
7f9cf35f8000-7f9cf35fb000 ---p 00000000 00:00 0 
7f9cf35fb000-7f9cf36f9000 rw-p 00000000 00:00 0 
7f9cf36f9000-7f9cf36fc000 ---p 00000000 00:00 0 
7f9cf36fc000-7f9cf37fa000 rw-p 00000000 00:00 0 
7f9cf37fa000-7f9cf37fd000 ---p 00000000 00:00 0 
7f9cf37fd000-7f9cf38fb000 rw-p 00000000 00:00 0 
7f9cf38fb000-7f9cf38fe000 ---p 00000000 00:00 0 
7f9cf38fe000-7f9cf39fc000 rw-p 00000000 00:00 0 
7f9cf39fc000-7f9cf39ff000 ---p 00000000 00:00 0 
7f9cf39ff000-7f9cf3afd000 rw-p 00000000 00:00 0 
7f9cf3afd000-7f9cf3b00000 ---p 00000000 00:00 0 
7f9cf3b00000-7f9cf3bfe000 rw-p 00000000 00:00 0 
7f9cf3bfe000-7f9cf3c01000 ---p 00000000 00:00 0 
7f9cf3c01000-7f9cf3cff000 rw-p 00000000 00:00 0 
7f9cf3cff000-7f9cf3d02000 ---p 00000000 00:00 0 
7f9cf3d02000-7f9cf4000000 rw-p 00000000 00:00 0 
7f9cf4000000-7f9cf4024000 rw-p 00000000 00:00 0 
7f9cf4024000-7f9cf8000000 ---p 00000000 00:00 0 
7f9cf8035000-7f9cf8039000 r--s 0009a000 08:01 5255003                    /usr/lib/jvm/java-8-oracle/jre/lib/jsse.jar
7f9cf8039000-7f9cf803c000 ---p 00000000 00:00 0 
7f9cf803c000-7f9cf813a000 rw-p 00000000 00:00 0 
7f9cf813a000-7f9cf814b000 r-xp 00000000 08:01 5255084                    /usr/lib/jvm/java-8-oracle/jre/lib/amd64/libnio.so
7f9cf814b000-7f9cf834a000 ---p 00011000 08:01 5255084                    /usr/lib/jvm/java-8-oracle/jre/lib/amd64/libnio.so
7f9cf834a000-7f9cf834b000 rw-p 00010000 08:01 5255084                    /usr/lib/jvm/java-8-oracle/jre/lib/amd64/libnio.so
7f9cf834b000-7f9cf835e000 r--s 00345000 08:01 5255283                    /usr/lib/jvm/java-8-oracle/jre/lib/resources.jar
7f9cf835e000-7f9cf855e000 rw-p 00000000 00:00 0 
7f9cf855e000-7f9cf8561000 ---p 00000000 00:00 0 
7f9cf8561000-7f9cf865f000 rw-p 00000000 00:00 0 
7f9cf865f000-7f9cf8662000 ---p 00000000 00:00 0 
7f9cf8662000-7f9cf8760000 rw-p 00000000 00:00 0 
7f9cf8760000-7f9cf8763000 ---p 00000000 00:00 0 
7f9cf8763000-7f9cf8861000 rw-p 00000000 00:00 0 
7f9cf8861000-7f9cf8864000 ---p 00000000 00:00 0 
7f9cf8864000-7f9cf8b62000 rw-p 00000000 00:00 0 
7f9cf8b62000-7f9cf8e63000 rw-p 00000000 00:00 0 
7f9cf8e63000-7f9cf8e79000 r-xp 00000000 08:01 5255059                    /usr/lib/jvm/java-8-oracle/jre/lib/amd64/libnet.so
7f9cf8e79000-7f9cf9079000 ---p 00016000 08:01 5255059                    /usr/lib/jvm/java-8-oracle/jre/lib/amd64/libnet.so
7f9cf9079000-7f9cf907a000 rw-p 00016000 08:01 5255059                    /usr/lib/jvm/java-8-oracle/jre/lib/amd64/libnet.so
7f9cf907a000-7f9cf907d000 r--s 0001a000 08:01 5255313                    /usr/lib/jvm/java-8-oracle/jre/lib/jce.jar
7f9cf907d000-7f9cf907e000 r-xp 00000000 08:01 5255118                    /usr/lib/jvm/java-8-oracle/jre/lib/amd64/libjaas_unix.so
7f9cf907e000-7f9cf927d000 ---p 00001000 08:01 5255118                    /usr/lib/jvm/java-8-oracle/jre/lib/amd64/libjaas_unix.so
7f9cf927d000-7f9cf927e000 rw-p 00000000 08:01 5255118                    /usr/lib/jvm/java-8-oracle/jre/lib/amd64/libjaas_unix.so
7f9cf927e000-7f9cf9285000 r--s 00000000 08:01 5522071                    /usr/lib/x86_64-linux-gnu/gconv/gconv-modules.cache
7f9cf9285000-7f9cf92a7000 r--p 00000000 08:01 6561670                    /usr/share/locale-langpack/it/LC_MESSAGES/libc.mo
7f9cf92a7000-7f9cf94a7000 rw-p 00000000 00:00 0 
7f9cf94a7000-7f9cf94b0000 r-xp 00000000 08:01 5255095                    /usr/lib/jvm/java-8-oracle/jre/lib/amd64/libmanagement.so
7f9cf94b0000-7f9cf96af000 ---p 00009000 08:01 5255095                    /usr/lib/jvm/java-8-oracle/jre/lib/amd64/libmanagement.so
7f9cf96af000-7f9cf96b0000 rw-p 00008000 08:01 5255095                    /usr/lib/jvm/java-8-oracle/jre/lib/amd64/libmanagement.so
7f9cf96b0000-7f9cf98b0000 rw-p 00000000 00:00 0 
7f9cf98b0000-7f9cf98ba000 r--s 00116000 08:01 5255139                    /usr/lib/jvm/java-8-oracle/jre/lib/ext/localedata.jar
7f9cf98ba000-7f9cf98d6000 r--s 00393000 08:01 5255142                    /usr/lib/jvm/java-8-oracle/jre/lib/ext/cldrdata.jar
7f9cf98d6000-7f9cf98db000 r--s 00016000 08:01 4723424                    /home/massimo/.gradle/caches/modules-2/files-2.1/xml-apis/xml-apis/2.0.2/3136ca936f64c9d68529f048c2618bd356bf85c9/xml-apis-2.0.2.jar
7f9cf98db000-7f9cf9927000 r--s 00411000 08:01 4724313                    /home/massimo/.gradle/caches/modules-2/files-2.1/org.scala-lang/scala-reflect/2.11.8/b74530deeba742ab4f3134de0c2da0edc49ca361/scala-reflect-2.11.8.jar
7f9cf9927000-7f9cf992c000 r--s 0003e000 08:01 4724312                    /home/massimo/.gradle/caches/modules-2/files-2.1/commons-net/commons-net/3.1/2298164a7c2484406f2aa5ac85b205d39019896f/commons-net-3.1.jar
7f9cf992c000-7f9cf9933000 r--s 0003f000 08:01 4724311                    /home/massimo/.gradle/caches/modules-2/files-2.1/commons-codec/commons-codec/1.10/4b95f4897fa13f2cd904aee711aeafc0c5295cd8/commons-codec-1.10.jar
7f9cf9933000-7f9cf993e000 r--s 0005c000 08:01 4724310                    /home/massimo/.gradle/caches/modules-2/files-2.1/org.scala-lang.modules/scala-parser-combinators_2.11/1.0.1/f05d7345bf5a58924f2837c6c1f4d73a938e1ff0/scala-parser-combinators_2.11-1.0.1.jar
7f9cf993e000-7f9cf9940000 r--s 00014000 08:01 4724309                    /home/massimo/.gradle/caches/modules-2/files-2.1/jline/jline/0.9.94/99a18e9a44834afdebc467294e1138364c207402/jline-0.9.94.jar
7f9cf9940000-7f9cf9947000 r--s 0003e000 08:01 4724308                    /home/massimo/.gradle/caches/modules-2/files-2.1/org.sonatype.sisu.inject/cglib/2.2.1-v20090111/7ce5e983fd0e6c78346f4c9cbfa39d83049dda2/cglib-2.2.1-v20090111.jar
7f9cf9947000-7f9cf9949000 r--s 00000000 08:01 4724307                    /home/massimo/.gradle/caches/modules-2/files-2.1/aopalliance/aopalliance/1.0/235ba8b489512805ac13a8f9ea77a1ca5ebe3e8/aopalliance-1.0.jar
7f9cf9949000-7f9cf994e000 r--s 0002a000 08:01 4724306                    /home/massimo/.gradle/caches/modules-2/files-2.1/commons-beanutils/commons-beanutils/1.7.0/5675fd96b29656504b86029551973d60fb41339b/commons-beanutils-1.7.0.jar
7f9cf994e000-7f9cf994f000 r--s 00000000 08:01 4724305                    /home/massimo/.gradle/caches/modules-2/files-2.1/javax.inject/javax.inject/1/6975da39a7040257bd51d21a231b76c915872d38/javax.inject-1.jar
7f9cf994f000-7f9cf9970000 rw-p 00000000 00:00 0 
7f9cf9970000-7f9cf9a60000 r--s 00c16000 08:01 4724304                    /home/massimo/.gradle/caches/modules-2/files-2.1/org.scala-lang/scala-compiler/2.11.0/75d94f0ddcabb626832a992607acb6e2d6bc2a4a/scala-compiler-2.11.0.jar
7f9cf9a60000-7f9cf9a6f000 r--s 0009f000 08:01 4724303                    /home/massimo/.gradle/caches/modules-2/files-2.1/com.google.inject/guice/3.0/9d84f15fe35e2c716a02979fb62f50a29f38aefa/guice-3.0.jar
7f9cf9a6f000-7f9cf9a7a000 r--s 00068000 08:01 4724302                    /home/massimo/.gradle/caches/modules-2/files-2.1/org.apache.hadoop/hadoop-yarn-server-nodemanager/2.2.0/5e7f0f16676afffff62919578bcb5606e3548f36/hadoop-yarn-server-nodemanager-2.2.0.jar
7f9cf9a7a000-7f9cf9a7e000 r--s 00027000 08:01 4724301                    /home/massimo/.gradle/caches/modules-2/files-2.1/org.apache.hadoop/hadoop-yarn-server-common/2.2.0/ce13e5699bbe644da95bfd7e01549c6a389fec7f/hadoop-yarn-server-common-2.2.0.jar
7f9cf9a7e000-7f9cf9a81000 r--s 00015000 08:01 4724300                    /home/massimo/.gradle/caches/modules-2/files-2.1/org.apache.hadoop/hadoop-yarn-client/2.2.0/f299044dd9e546ca30a30014ef30699306e9ef3e/hadoop-yarn-client-2.2.0.jar
7f9cf9a81000-7f9cf9a85000 r--s 00014000 08:01 4724299                    /home/massimo/.gradle/caches/modules-2/files-2.1/org.tukaani/xz/1.0/ecff5cb8b1189514c9d1d8d68eb77ac372e000c9/xz-1.0.jar
7f9cf9a85000-7f9cf9a89000 r--s 0002f000 08:01 4724298                    /home/massimo/.gradle/caches/modules-2/files-2.1/commons-beanutils/commons-beanutils-core/1.8.0/175dc721f87e4bc5cc0573f990e28c3cf9117508/commons-beanutils-core-1.8.0.jar
7f9cf9a89000-7f9cf9a8d000 r--s 00020000 08:01 4724297                    /home/massimo/.gradle/caches/modules-2/files-2.1/commons-digester/commons-digester/1.8/dc6a73fdbd1fa3f0944e8497c6c872fa21dca37e/commons-digester-1.8.jar
7f9cf9a8d000-7f9cf9a9b000 r--s 0007f000 08:01 4724296                    /home/massimo/.gradle/caches/modules-2/files-2.1/commons-collections/commons-collections/3.2.1/761ea405b9b37ced573d2df0d1e3a4e0f9edc668/commons-collections-3.2.1.jar
7f9cf9a9b000-7f9cf9a9d000 r--s 00014000 08:01 4724295                    /home/massimo/.gradle/caches/modules-2/files-2.1/org.spire-math/spire-macros_2.11/0.7.4/35a96f7ddee39e99ca8051ac43a0f741eeb66803/spire-macros_2.11-0.7.4.jar
7f9cf9a9d000-7f9cf9ab1000 r--s 000ec000 08:01 4724294                    /home/massimo/.gradle/caches/modules-2/files-2.1/org.apache.parquet/parquet-jackson/1.8.1/29ff7581070fc4562f41abf927b27c695bc14256/parquet-jackson-1.8.1.jar
7f9cf9ab1000-7f9cf9ab8000 r--s 00058000 08:01 4724293                    /home/massimo/.gradle/caches/modules-2/files-2.1/org.apache.parquet/parquet-format/2.3.0-incubating/9ce0a76de9e695abc81d28bd6e3cc75322d14d28/parquet-format-2.3.0-incubating.jar
7f9cf9ab8000-7f9cf9abe000 r--s 00040000 08:01 4724292                    /home/massimo/.gradle/caches/modules-2/files-2.1/org.apache.parquet/parquet-encoding/1.8.1/96acef383c18c14b7efac1b297fdc3553df87f6c/parquet-encoding-1.8.1.jar
7f9cf9abe000-7f9cf9ac0000 r--s 00008000 08:01 4724291                    /home/massimo/.gradle/caches/modules-2/files-2.1/org.apache.parquet/parquet-common/1.8.1/be1faf06d954f4df971a16815021cf117abac5bc/parquet-common-1.8.1.jar
7f9cf9ac0000-7f9cf9ac6000 r--s 00044000 08:01 4724290                    /home/massimo/.gradle/caches/modules-2/files-2.1/org.antlr/antlr4-runtime/4.5.3/2609e36f18f7e8d593cc1cddfb2ac776dc96b8e0/antlr4-runtime-4.5.3.jar
7f9cf9ac6000-7f9cf9ac7000 r--s 00008000 08:01 4724289                    /home/massimo/.gradle/caches/modules-2/files-2.1/org.codehaus.janino/commons-compiler/3.0.0/66b46772597a77c32f562e18c719c753b41ce6aa/commons-compiler-3.0.0.jar
7f9cf9ac7000-7f9cf9ad1000 r--s 000aa000 08:01 4724288                    /home/massimo/.gradle/caches/modules-2/files-2.1/org.codehaus.janino/janino/3.0.0/ef148a1fda538e991c3bbc66074acbcbb72fc3b/janino-3.0.0.jar
7f9cf9ad1000-7f9cf9adb000 r--s 00095000 08:01 4724287                    /home/massimo/.gradle/caches/modules-2/files-2.1/org.scala-lang.modules/scala-xml_2.11/1.0.2/820fbca7e524b530fdadc594c39d49a21ea0337e/scala-xml_2.11-1.0.2.jar
7f9cf9adb000-7f9cf9ae5000 r--s 000a5000 08:01 4724286                    /home/massimo/.gradle/caches/modules-2/files-2.1/org.javassist/javassist/3.18.1-GA/d9a09f7732226af26bf99f19e2cffe0ae219db5b/javassist-3.18.1-GA.jar
7f9cf9ae5000-7f9cf9ae7000 r--s 00002000 08:01 4724285                    /home/massimo/.gradle/caches/modules-2/files-2.1/org.glassfish.hk2.external/aopalliance-repackaged/2.4.0-b34/3d5e856dbc91a3a2b0bcb3a3424f8b62421ae4cf/aopalliance-repackaged-2.4.0-b34.jar
7f9cf9ae7000-7f9cf9aeb000 r--s 0001a000 08:01 4724284                    /home/massimo/.gradle/caches/modules-2/files-2.1/org.glassfish.hk2/hk2-utils/2.4.0-b34/aacce18411fffef9621d8fc91464ca0477119c38/hk2-utils-2.4.0-b34.jar
7f9cf9aeb000-7f9cf9afd000 r--s 000ab000 08:01 4724283                    /home/massimo/.gradle/caches/modules-2/files-2.1/org.scala-lang/scalap/2.11.0/4d1ef078a977e29c32d539fac2900ca56f17fb85/scalap-2.11.0.jar
7f9cf9afd000-7f9cf9aff000 r--s 00007000 08:01 4724282                    /home/massimo/.gradle/caches/modules-2/files-2.1/com.thoughtworks.paranamer/paranamer/2.6/52c3c8d8876440d714e23036eb87bcc4244d9aa5/paranamer-2.6.jar
7f9cf9aff000-7f9cf9b02000 r--s 00012000 08:01 4724281                    /home/massimo/.gradle/caches/modules-2/files-2.1/org.json4s/json4s-ast_2.11/3.2.11/4e3c37960ea52c8cf3672792ef08887bf63e63d7/json4s-ast_2.11-3.2.11.jar
7f9cf9b02000-7f9cf9b05000 r--s 0000e000 08:01 4724280                    /home/massimo/.gradle/caches/modules-2/files-2.1/org.apache.curator/curator-client/2.4.0/5bd0fa698f4adad953df0aaf2492773364ab9dad/curator-client-2.4.0.jar
7f9cf9b05000-7f9cf9b17000 r--s 0012c000 08:01 4724279                    /home/massimo/.gradle/caches/modules-2/files-2.1/org.apache.hadoop/hadoop-yarn-common/2.2.0/77f18c3d40dcb45b0be2602cfa5115a5edb40db1/hadoop-yarn-common-2.2.0.jar
7f9cf9b17000-7f9cf9b19000 r--s 00004000 08:01 4724278                    /home/massimo/.gradle/caches/modules-2/files-2.1/org.apache.hadoop/hadoop-mapreduce-client-shuffle/2.2.0/c4c9da8f8f6ab1e3ba68798f30360eff4ba52187/hadoop-mapreduce-client-shuffle-2.2.0.jar
7f9cf9b19000-7f9cf9b25000 r--s 00095000 08:01 4724277                    /home/massimo/.gradle/caches/modules-2/files-2.1/org.apache.hadoop/hadoop-mapreduce-client-common/2.2.0/5600fdda58499e3901bf179f1614a8ca38090871/hadoop-mapreduce-client-common-2.2.0.jar
7f9cf9b25000-7f9cf9b29000 r--s 00028000 08:01 4724276                    /home/massimo/.gradle/caches/modules-2/files-2.1/org.mortbay.jetty/jetty-util/6.1.26/e5642fe0399814e1687d55a3862aa5a3417226a9/jetty-util-6.1.26.jar
7f9cf9b29000-7f9cf9b2e000 r--s 00036000 08:01 4724275                    /home/massimo/.gradle/caches/modules-2/files-2.1/org.apache.commons/commons-compress/1.4.1/b02e84a993d88568417536240e970c4b809126fd/commons-compress-1.4.1.jar
7f9cf9b2e000-7f9cf9b30000 r--s 0000b000 08:01 4724274                    /home/massimo/.gradle/caches/modules-2/files-2.1/org.apache.hadoop/hadoop-auth/2.2.0/74e5f8b2134be51312c004d29e33a7bf4377ce20/hadoop-auth-2.2.0.jar
7f9cf9b30000-7f9cf9b36000 r--s 00043000 08:01 4724272                    /home/massimo/.gradle/caches/modules-2/files-2.1/commons-configuration/commons-configuration/1.6/32cadde23955d7681b0d94a2715846d20b425235/commons-configuration-1.6.jar
7f9cf9b36000-7f9cf9b3b000 r--s 00040000 08:01 4724271                    /home/massimo/.gradle/caches/modules-2/files-2.1/commons-lang/commons-lang/2.5/b0236b252e86419eef20c31a44579d2aee2f0a69/commons-lang-2.5.jar
7f9cf9b3b000-7f9cf9b3e000 r--s 00025000 08:01 4724270                    /home/massimo/.gradle/caches/modules-2/files-2.1/commons-io/commons-io/2.1/fd51f906669f49a4ffd06650666c3b8147a6106e/commons-io-2.1.jar
7f9cf9b3e000-7f9cf9b3f000 r--s 00003000 08:01 4724269                    /home/massimo/.gradle/caches/modules-2/files-2.1/xmlenc/xmlenc/0.52/d82554efbe65906d83b3d97bd7509289e9db561a/xmlenc-0.52.jar
7f9cf9b3f000-7f9cf9b50000 r--s 000bb000 08:01 4724268                    /home/massimo/.gradle/caches/modules-2/files-2.1/org.apache.commons/commons-math/2.1/b3c4bdc2778ddccceb8da2acec3e37bfa41303e9/commons-math-2.1.jar
7f9cf9b50000-7f9cf9b52000 r--s 00009000 08:01 4724267                    /home/massimo/.gradle/caches/modules-2/files-2.1/commons-cli/commons-cli/1.2/2bf96b7aa8b611c177d329452af1dc933e14501c/commons-cli-1.2.jar
7f9cf9b52000-7f9cf9b54000 r--s 00009000 08:01 4724266                    /home/massimo/.gradle/caches/modules-2/files-2.1/org.objenesis/objenesis/2.1/87c0ea803b69252868d09308b4618f766f135a96/objenesis-2.1.jar
7f9cf9b54000-7f9cf9b55000 r--s 00001000 08:01 4724265                    /home/massimo/.gradle/caches/modules-2/files-2.1/com.esotericsoftware/minlog/1.3.0/ff07b5f1b01d2f92bb00a337f9a94873712f0827/minlog-1.3.0.jar
7f9cf9b55000-7f9cf9b5e000 r--s 00062000 08:01 4724264                    /home/massimo/.gradle/caches/modules-2/files-2.1/org.apache.avro/avro/1.7.7/3548c0bc136e71006f3fc34e22d34a29e5069e50/avro-1.7.7.jar
7f9cf9b5e000-7f9cf9b7c000 r--s 0027d000 08:01 4723423                    /home/massimo/.gradle/caches/modules-2/files-2.1/xalan/xalan/2.7.0/a33c0097f1c70b20fa7ded220ea317eb3500515e/xalan-2.7.0.jar
7f9cf9b7c000-7f9cf9b93000 r--s 00110000 08:01 4723422                    /home/massimo/.gradle/caches/modules-2/files-2.1/xerces/xercesImpl/2.8.0/cfd3ebe2f8034e660344f9108c3e2daf78c29cc3/xercesImpl-2.8.0.jar
7f9cf9b93000-7f9cf9b96000 r--s 0001b000 08:01 4723421                    /home/massimo/.gradle/caches/modules-2/files-2.1/org.apache.lucene/lucene-sandbox/4.10.3/39ecd581b636adc15379dbd53878928e0f05a89c/lucene-sandbox-4.10.3.jar
7f9cf9b96000-7f9cf9b9a000 r--s 00015000 08:01 4723420                    /home/massimo/.gradle/caches/modules-2/files-2.1/javax.xml.bind/jaxb-api/2.2.7/2f51c4bb4724ea408096ee9100ff2827e07e5b7c/jaxb-api-2.2.7.jar
7f9cf9b9a000-7f9cf9b9b000 r--s 00001000 08:01 4724263                    /home/massimo/.gradle/caches/modules-2/files-2.1/org.jpmml/pmml-schema/1.2.15/6e9cab7f650da2a5019f0cf530613bd17648007a/pmml-schema-1.2.15.jar
7f9cf9b9b000-7f9cf9bc7000 r--s 001c9000 08:01 4724262                    /home/massimo/.gradle/caches/modules-2/files-2.1/com.chuusai/shapeless_2.11/2.0.0/2e8beb8ffe86c15e2f1fe84e24713ac22b4e0243/shapeless_2.11-2.0.0.jar
7f9cf9bc7000-7f9cf9c1c000 r--s 0069c000 08:01 4724261                    /home/massimo/.gradle/caches/modules-2/files-2.1/org.spire-math/spire_2.11/0.7.4/6882bd3c7b517e9049ddcd0ff9b97cbed581bf54/spire_2.11-0.7.4.jar
7f9cf9c1c000-7f9cf9c27000 r--s 000b0000 08:01 4724260                    /home/massimo/.gradle/caches/modules-2/files-2.1/com.github.rwl/jtransforms/2.4.0/20ab3d14a0375cc2baee9452b92b217aac7e3c57/jtransforms-2.4.0.jar
7f9cf9c27000-7f9cf9c28000 r--s 00004000 08:01 4724259                    /home/massimo/.gradle/caches/modules-2/files-2.1/net.sf.opencsv/opencsv/2.3/c23708cdb9e80a144db433e23344a788a1fd6599/opencsv-2.3.jar
7f9cf9c28000-7f9cf9c2c000 r--s 00029000 08:01 4724258                    /home/massimo/.gradle/caches/modules-2/files-2.1/org.scalanlp/breeze-macros_2.11/0.12/95a7d428008f36550d71eddc4dc4617ff45c45b9/breeze-macros_2.11-0.12.jar
7f9cf9c2c000-7f9cf9c3e000 r--s 00112000 08:01 4724257                    /home/massimo/.gradle/caches/modules-2/files-2.1/net.sourceforge.f2j/arpack_combined_all/0.1/225619a060b42605b4d9fd4af11815664abf26eb/arpack_combined_all-0.1.jar
7f9cf9c3e000-7f9cf9c40000 r--s 00027000 08:01 4724256                    /home/massimo/.gradle/caches/modules-2/files-2.1/com.github.fommil.netlib/core/1.1.2/574b480eca62f535fad6d259e144fee3ef24b66e/core-1.1.2.jar
7f9cf9c40000-7f9cf9c45000 r--s 00031000 08:01 4724255                    /home/massimo/.gradle/caches/modules-2/files-2.1/org.apache.parquet/parquet-hadoop/1.8.1/fe3d24a4862cbbba0c31049c3a09e69e713d7e23/parquet-hadoop-1.8.1.jar
7f9cf9c45000-7f9cf9c5b000 r--s 000d1000 08:01 4724254                    /home/massimo/.gradle/caches/modules-2/files-2.1/org.apache.parquet/parquet-column/1.8.1/3ce3fb4010c3803b02e7243d4740c07846103288/parquet-column-1.8.1.jar
7f9cf9c5b000-7f9cf9ce4000 r--s 00682000 08:01 4724253                    /home/massimo/.gradle/caches/modules-2/files-2.1/org.apache.spark/spark-catalyst_2.11/2.1.0/2909639984ae26ec9e77bbf45b7a4ccd601afebe/spark-catalyst_2.11-2.1.0.jar
7f9cf9ce4000-7f9cf9ce6000 r--s 00006000 08:01 4724252                    /home/massimo/.gradle/caches/modules-2/files-2.1/org.apache.spark/spark-sketch_2.11/2.1.0/3a3ad532c1341768ea42e0a612f884a51b5c85a6/spark-sketch_2.11-2.1.0.jar
7f9cf9ce6000-7f9cf9ced000 r--s 00049000 08:01 4724251                    /home/massimo/.gradle/caches/modules-2/files-2.1/com.univocity/univocity-parsers/2.2.1/fd0718444f6bcf731d73c191006b74825de2eece/univocity-parsers-2.2.1.jar
7f9cf9ced000-7f9cf9d54000 r--s 006b2000 08:01 4724250                    /home/massimo/.gradle/caches/modules-2/files-2.1/org.scalatest/scalatest_2.11/2.2.6/80cd969b5f678cd90017498d865e63d7f6e79696/scalatest_2.11-2.2.6.jar
7f9cf9d54000-7f9cf9d56000 r--s 00009000 08:01 4724249                    /home/massimo/.gradle/caches/modules-2/files-2.1/com.fasterxml.jackson.module/jackson-module-paranamer/2.6.5/cb7dadf00fd8001b25a082bde0f676ee536e5275/jackson-module-paranamer-2.6.5.jar
7f9cf9d56000-7f9cf9d5a000 r--s 0003c000 08:01 4724248                    /home/massimo/.gradle/caches/modules-2/files-2.1/com.fasterxml.jackson.core/jackson-core/2.6.5/334369d7eff497f358b248c171dac0dd62c68f67/jackson-core-2.6.5.jar
7f9cf9d5a000-7f9cf9d5e000 r--s 0000c000 08:01 4724247                    /home/massimo/.gradle/caches/modules-2/files-2.1/javax.validation/validation-api/1.1.0.Final/8613ae82954779d518631e05daa73a6a954817d5/validation-api-1.1.0.Final.jar
7f9cf9d5e000-7f9cf9d60000 r--s 00010000 08:01 4724246                    /home/massimo/.gradle/caches/modules-2/files-2.1/org.glassfish.jersey.media/jersey-media-jaxb/2.22.2/7a9adf97790a92d09a1f2c027dbd34af15ffee04/jersey-media-jaxb-2.22.2.jar
7f9cf9d60000-7f9cf9d61000 r--s 00004000 08:01 4724245                    /home/massimo/.gradle/caches/modules-2/files-2.1/org.glassfish.hk2/osgi-resource-locator/1.0.1/4ed2b2d4738aed5786cfa64cba5a332779c4c708/osgi-resource-locator-1.0.1.jar
7f9cf9d61000-7f9cf9d79000 r--s 000d6000 08:01 4724244                    /home/massimo/.gradle/caches/modules-2/files-2.1/org.glassfish.jersey.bundles.repackaged/jersey-guava/2.22.2/7422c693c89640c9685dfa99dbef2da745aa4617/jersey-guava-2.22.2.jar
7f9cf9d79000-7f9cf9d7b000 r--s 00005000 08:01 4724243                    /home/massimo/.gradle/caches/modules-2/files-2.1/javax.annotation/javax.annotation-api/1.2/479c1e06db31c432330183f5cae684163f186146/javax.annotation-api-1.2.jar
7f9cf9d7b000-7f9cf9d7f000 r--s 00029000 08:01 4724242                    /home/massimo/.gradle/caches/modules-2/files-2.1/org.glassfish.hk2/hk2-locator/2.4.0-b34/1451fc3e5b7f00d7a5ca0feaff2c1bf68be5ac91/hk2-locator-2.4.0-b34.jar
7f9cf9d7f000-7f9cf9d80000 r--s 00001000 08:01 4724241                    /home/massimo/.gradle/caches/modules-2/files-2.1/org.glassfish.hk2.external/javax.inject/2.4.0-b34/a6a3d4935af7b03e44126b5aac2c2a0ce98fe6e9/javax.inject-2.4.0-b34.jar
7f9cf9d80000-7f9cf9d85000 r--s 00027000 08:01 4724240                    /home/massimo/.gradle/caches/modules-2/files-2.1/org.glassfish.hk2/hk2-api/2.4.0-b34/1017432e219dbd1d4a1121b2d7e87c5b2f0bcfb9/hk2-api-2.4.0-b34.jar
7f9cf9d85000-7f9cf9d89000 r--s 00019000 08:01 4724239                    /home/massimo/.gradle/caches/modules-2/files-2.1/javax.ws.rs/javax.ws.rs-api/2.0.1/104e9c2b5583cfcfeac0402316221648d6d8ea6b/javax.ws.rs-api-2.0.1.jar
7f9cf9d89000-7f9cf9d93000 r--s 00086000 08:01 4724238                    /home/massimo/.gradle/caches/modules-2/files-2.1/org.json4s/json4s-core_2.11/3.2.11/87d4c44dfdf74727defa32999aeeb62afb4e5375/json4s-core_2.11-3.2.11.jar
7f9cf9d93000-7f9cf9dbc000 r--s 001ee000 08:01 4724237                    /home/massimo/.gradle/caches/modules-2/files-2.1/com.google.guava/guava/14.0.1/69e12f4c6aeac392555f1ea86fab82b5e5e31ad4/guava-14.0.1.jar
7f9cf9dbc000-7f9cf9dc8000 r--s 000b3000 08:01 4724235                    /home/massimo/.gradle/caches/modules-2/files-2.1/org.apache.zookeeper/zookeeper/3.4.5/c0f69fb36526552a8f0bc548a6c33c49cf08e562/zookeeper-3.4.5.jar
7f9cf9dc8000-7f9cf9dcd000 r--s 00027000 08:01 4723944                    /home/massimo/.gradle/caches/modules-2/files-2.1/org.apache.curator/curator-framework/2.4.0/ef7ac4063f09578f1b54cee4cf1192a3d31cae04/curator-framework-2.4.0.jar
7f9cf9dcd000-7f9cf9dd3000 r--s 00045000 08:01 4723943                    /home/massimo/.gradle/caches/modules-2/files-2.1/commons-httpclient/commons-httpclient/3.1/964cd74171f427720480efdec40a7c7f6e58426a/commons-httpclient-3.1.jar
7f9cf9dd3000-7f9cf9dd6000 r--s 00009000 08:01 4723942                    /home/massimo/.gradle/caches/modules-2/files-2.1/com.fasterxml.jackson.core/jackson-annotations/2.6.5/65137ebf85056473b40c311f889601646a7612ba/jackson-annotations-2.6.5.jar
7f9cf9dd6000-7f9cf9dd9000 r--s 000fd000 08:01 4723941                    /home/massimo/.gradle/caches/modules-2/files-2.1/org.fusesource.leveldbjni/leveldbjni-all/1.8/707350a2eeb1fa2ed77a32ddb3893ed308e941db/leveldbjni-all-1.8.jar
7f9cf9dd9000-7f9cf9ddb000 r--s 00003000 08:01 4723940                    /home/massimo/.gradle/caches/modules-2/files-2.1/org.apache.hadoop/hadoop-annotations/2.2.0/ebd95f271e3bce5c0dca5926bb3eb36530cd9ab6/hadoop-annotations-2.2.0.jar
7f9cf9ddb000-7f9cf9ddc000 r--s 00008000 08:01 4723939                    /home/massimo/.gradle/caches/modules-2/files-2.1/org.apache.hadoop/hadoop-mapreduce-client-jobclient/2.2.0/842d0c9d8793fd21bfbb1c6b1fa9fbc05698f76c/hadoop-mapreduce-client-jobclient-2.2.0.jar
7f9cf9ddc000-7f9cf9df4000 r--s 0014c000 08:01 4723938                    /home/massimo/.gradle/caches/modules-2/files-2.1/org.apache.hadoop/hadoop-mapreduce-client-core/2.2.0/4be274d45f35543d3c4dd8e2bfed2cebc56696c7/hadoop-mapreduce-client-core-2.2.0.jar
7f9cf9df4000-7f9cf9e05000 r--s 0010a000 08:01 4723937                    /home/massimo/.gradle/caches/modules-2/files-2.1/org.apache.hadoop/hadoop-yarn-api/2.2.0/655910becbe9c5c60033e9e64e95aab0ec4ce94a/hadoop-yarn-api-2.2.0.jar
7f9cf9e05000-7f9cf9e0e000 r--s 0006d000 08:01 4723936                    /home/massimo/.gradle/caches/modules-2/files-2.1/org.apache.hadoop/hadoop-mapreduce-client-app/2.2.0/9e5bdd970000b330382128350a957609cbcfe348/hadoop-mapreduce-client-app-2.2.0.jar
7f9cf9e0e000-7f9cf9e53000 r--s 004bb000 08:01 4723935                    /home/massimo/.gradle/caches/modules-2/files-2.1/org.apache.hadoop/hadoop-hdfs/2.2.0/f2686b55818b9bae3e16d33a3f205a388920aa34/hadoop-hdfs-2.2.0.jar
7f9cf9e53000-7f9cf9e7e000 r--s 00271000 08:01 4723934                    /home/massimo/.gradle/caches/modules-2/files-2.1/org.apache.hadoop/hadoop-common/2.2.0/a840350e4a1f5483f949ec5e72cfa2c6b2b3cf94/hadoop-common-2.2.0.jar
7f9cf9e7e000-7f9cf9e85000 r--s 00051000 08:01 4723933                    /home/massimo/.gradle/caches/modules-2/files-2.1/com.esotericsoftware/kryo-shaded/3.0.3/977d6b42d82de551fcf77dad84ef06c2839e3a74/kryo-shaded-3.0.3.jar
7f9cf9e85000-7f9cf9e93000 r--s 000b1000 08:01 4723671                    /home/massimo/.gradle/caches/modules-2/files-2.1/org.codehaus.jackson/jackson-mapper-asl/1.9.13/1ee2f2bed0e5dd29d1cb155a166e6f8d50bbddb7/jackson-mapper-asl-1.9.13.jar
7f9cf9e93000-7f9cf9e97000 r--s 00035000 08:01 4723670                    /home/massimo/.gradle/caches/modules-2/files-2.1/org.codehaus.jackson/jackson-core-asl/1.9.13/3c304d70f42f832e0a86d45bd437f692129299a4/jackson-core-asl-1.9.13.jar
7f9cf9e97000-7f9cf9e9e000 r--s 0004e000 08:01 4723669                    /home/massimo/.gradle/caches/modules-2/files-2.1/org.apache.avro/avro-ipc/1.7.7/1ef0eeefcd80710085a95172819c78cf2cb7f13d/avro-ipc-1.7.7-tests.jar
7f9cf9e9e000-7f9cf9ea2000 r--s 0002c000 08:01 4723668                    /home/massimo/.gradle/caches/modules-2/files-2.1/org.apache.avro/avro-ipc/1.7.7/b754e613b8fbd8c81fb6fb250e658f6c16efbffa/avro-ipc-1.7.7.jar
7f9cf9ea2000-7f9cf9eaa000 r--s 0008a000 08:01 4723419                    /home/massimo/.gradle/caches/modules-2/files-2.1/com.google.protobuf/protobuf-java/2.6.1/d9521f2aecb909835746b7a5facf612af5e890e8/protobuf-java-2.6.1.jar
7f9cf9eaa000-7f9cf9ead000 r--s 00012000 08:01 4723418                    /home/massimo/.gradle/caches/modules-2/files-2.1/org.glassfish/javax.json/1.0.4/3178f73569fd7a1e5ffc464e680f7a8cc784b85a/javax.json-1.0.4.jar
7f9cf9ead000-7f9cf9eb2000 r--s 00045000 08:01 4723417                    /home/massimo/.gradle/caches/modules-2/files-2.1/com.googlecode.efficient-java-matrix-library/ejml/0.23/fb9a880674f0d241d727ee2bc5e6a839d3007fe8/ejml-0.23.jar
7f9cf9eb2000-7f9cf9ec2000 r--s 00089000 08:01 4723416                    /home/massimo/.gradle/caches/modules-2/files-2.1/joda-time/joda-time/2.9/e8a58b7f5853b693b8c4795a714fe77c266c3acc/joda-time-2.9.jar
7f9cf9ec2000-7f9cf9ec9000 r--s 00046000 08:01 4723415                    /home/massimo/.gradle/caches/modules-2/files-2.1/com.io7m.xom/xom/1.2.10/4165e25bef19aad134f6498cc277110b9bc5e52b/xom-1.2.10.jar
7f9cf9ec9000-7f9cf9ef3000 r--s 00248000 08:01 4723414                    /home/massimo/.gradle/caches/modules-2/files-2.1/org.apache.lucene/lucene-core/4.10.3/ea0344b37d8668e6beb21ec41c67c9ca2df9f2a4/lucene-core-4.10.3.jar
7f9cf9ef3000-7f9cf9ef9000 r--s 0002f000 08:01 4723413                    /home/massimo/.gradle/caches/modules-2/files-2.1/org.apache.lucene/lucene-queries/4.10.3/40a4d378a857ec0c7cc32d3122a36f22beae2fd7/lucene-queries-4.10.3.jar
7f9cf9ef9000-7f9cf9f0a000 r--s 0018f000 08:01 4723412                    /home/massimo/.gradle/caches/modules-2/files-2.1/org.apache.lucene/lucene-analyzers-common/4.10.3/2fc01f6bfc26d282a96da36a367755f61b4074a8/lucene-analyzers-common-4.10.3.jar
7f9cf9f0a000-7f9cf9f13000 r--s 00057000 08:01 4723411                    /home/massimo/.gradle/caches/modules-2/files-2.1/org.apache.lucene/lucene-queryparser/4.10.3/e7a0384c99257136e7295efd69516615b19d92bc/lucene-queryparser-4.10.3.jar
7f9cf9f13000-7f9cf9f18000 r--s 00030000 08:01 4723410                    /home/massimo/.gradle/caches/modules-2/files-2.1/de.jollyday/jollyday/0.4.9/f29c859f06027772ea70a8412db7322eba8930cb/jollyday-0.4.9.jar
7f9cf9f18000-7f9cf9f19000 r--s 00002000 08:01 4723409                    /home/massimo/.gradle/caches/modules-2/files-2.1/com.apple/AppleJavaExtensions/1.4/c586cd0b44cae8c0239a977277f99d08d751a482/AppleJavaExtensions-1.4.jar
7f9cf9f19000-7f9cf9f22000 r--s 00097000 08:01 4723667                    /home/massimo/.gradle/caches/modules-2/files-2.1/org.jpmml/pmml-model/1.2.15/2b026b87ae80d8957419d4cc7c7fe31080764004/pmml-model-1.2.15.jar
7f9cf9f22000-7f9cf9f43000 rw-p 00000000 00:00 0 
7f9cf9f43000-7f9cfa013000 r--s 00cf0000 08:01 4723666                    /home/massimo/.gradle/caches/modules-2/files-2.1/org.scalanlp/breeze_2.11/0.12/5f9a2a7010828fd0e043fa092babba8912838826/breeze_2.11-0.12.jar
7f9cfa013000-7f9cfa017000 r--s 00028000 08:01 4723251                    /home/massimo/.gradle/caches/modules-2/files-2.1/org.apache.spark/spark-mllib-local_2.11/2.1.0/104776d6d76b3f87cbb200efdde41e71a9ccfb7b/spark-mllib-local_2.11-2.1.0.jar
7f9cfa017000-7f9cfa025000 r--s 0009d000 08:01 4723250                    /home/massimo/.gradle/caches/modules-2/files-2.1/org.apache.spark/spark-graphx_2.11/2.1.0/d8c97cb44e74a6266fadf682d546307d95ecfa68/spark-graphx_2.11-2.1.0.jar
7f9cfa025000-7f9cfa0a6000 r--s 005dc000 08:01 4723249                    /home/massimo/.gradle/caches/modules-2/files-2.1/org.apache.spark/spark-sql_2.11/2.1.0/4306080bcebabbd2d33b67bb5323961aa90f0424/spark-sql_2.11-2.1.0.jar
7f9cfa0a6000-7f9cfa0d4000 r--s 001d3000 08:01 4723248                    /home/massimo/.gradle/caches/modules-2/files-2.1/org.apache.spark/spark-streaming_2.11/2.1.0/bea6543cff48750774c0d38a4aec87b9b1d04b3b/spark-streaming_2.11-2.1.0.jar
7f9cfa0d4000-7f9cfa0d5000 r--s 00000000 08:01 4723247                    /home/massimo/.gradle/caches/modules-2/files-2.1/org.spark-project.spark/unused/1.0.0/205fe37a2fade6ce6dfcf8eff57ed21a4a1c22af/unused-1.0.0.jar
7f9cfa0d5000-7f9cfa0d7000 r--s 0001f000 08:01 4723246                    /home/massimo/.gradle/caches/modules-2/files-2.1/org.apache.commons/commons-crypto/1.0.0/7938f66b01f62f03ef8af8a64401e85e45d51c5d/commons-crypto-1.0.0.jar
7f9cfa0d7000-7f9cfa0d9000 r--s 00003000 08:01 4723245                    /home/massimo/.gradle/caches/modules-2/files-2.1/org.apache.spark/spark-tags_2.11/2.1.0/9ebd3db9f6edfe7c727765c62b8675ea2cd74ea0/spark-tags_2.11-2.1.0.jar
7f9cfa0d9000-7f9cfa0dc000 r--s 0001a000 08:01 4723244                    /home/massimo/.gradle/caches/modules-2/files-2.1/net.sf.py4j/py4j/0.10.4/8dbece93d9b6c33f467059660a54f07e56daeb7b/py4j-0.10.4.jar
7f9cfa0dc000-7f9cfa0df000 r--s 00015000 08:01 4723243                    /home/massimo/.gradle/caches/modules-2/files-2.1/net.razorvine/pyrolite/4.13/b71a4668b0c4194486832fe7ce161eed2d0d12cb/pyrolite-4.13.jar
7f9cfa0df000-7f9cfa0e1000 r--s 0000e000 08:01 4723242                    /home/massimo/.gradle/caches/modules-2/files-2.1/oro/oro/2.0.8/5592374f834645c4ae250f4c9fbb314c9369d698/oro-2.0.8.jar
7f9cfa0e1000-7f9cfa0f7000 r--s 00124000 08:01 4723241                    /home/massimo/.gradle/caches/modules-2/files-2.1/org.apache.ivy/ivy/2.4.0/5abe4c24bbe992a9ac07ca563d5bd3e8d569e9ed/ivy-2.4.0.jar
7f9cfa0f7000-7f9cfa104000 r--s 00071000 08:01 4723240                    /home/massimo/.gradle/caches/modules-2/files-2.1/com.fasterxml.jackson.module/jackson-module-scala_2.11/2.6.5/7987dd253ccab6c25b39eea5c98a6e450dac71d6/jackson-module-scala_2.11-2.6.5.jar
7f9cfa104000-7f9cfa115000 r--s 0010d000 08:01 4723239                    /home/massimo/.gradle/caches/modules-2/files-2.1/com.fasterxml.jackson.core/jackson-databind/2.6.5/d50be1723a09befd903887099ff2014ea9020333/jackson-databind-2.6.5.jar
7f9cfa115000-7f9cfa117000 r--s 00004000 08:01 4723238                    /home/massimo/.gradle/caches/modules-2/files-2.1/io.dropwizard.metrics/metrics-graphite/3.1.2/15a68399652c6123fe6e4c82ac4f0749e2eb6583/metrics-graphite-3.1.2.jar
7f9cfa117000-7f9cfa118000 r--s 00003000 08:01 4723237                    /home/massimo/.gradle/caches/modules-2/files-2.1/io.dropwizard.metrics/metrics-json/3.1.2/88d9e57e1ef6431109d4030c717cf5f927900fd9/metrics-json-3.1.2.jar
7f9cfa118000-7f9cfa11a000 r--s 00008000 08:01 4723236                    /home/massimo/.gradle/caches/modules-2/files-2.1/io.dropwizard.metrics/metrics-jvm/3.1.2/ed364e77218e50fdcdebce4d982cb4d1f4a8c187/metrics-jvm-3.1.2.jar
7f9cfa11a000-7f9cfa11e000 r--s 00018000 08:01 4723235                    /home/massimo/.gradle/caches/modules-2/files-2.1/io.dropwizard.metrics/metrics-core/3.1.2/224f03afd2521c6c94632f566beb1bb5ee32cf07/metrics-core-3.1.2.jar
7f9cfa11e000-7f9cfa121000 r--s 00028000 08:01 4723234                    /home/massimo/.gradle/caches/modules-2/files-2.1/com.clearspring.analytics/stream/2.7.0/9998f8cf87d329fef226405f8d519638cfe1431d/stream-2.7.0.jar
7f9cfa121000-7f9cfa139000 r--s 00115000 08:01 4723233                    /home/massimo/.gradle/caches/modules-2/files-2.1/io.netty/netty/3.8.0.Final/65e00948a33493081e4f6a8619d82ab3d4024af1/netty-3.8.0.Final.jar
7f9cfa139000-7f9cfa160000 r--s 0020f000 08:01 4723232                    /home/massimo/.gradle/caches/modules-2/files-2.1/io.netty/netty-all/4.0.42.Final/8b504f4a88c636839d47cffe303ba613792762ed/netty-all-4.0.42.Final.jar
7f9cfa160000-7f9cfa163000 r--s 0000e000 08:01 4723231                    /home/massimo/.gradle/caches/modules-2/files-2.1/org.glassfish.jersey.containers/jersey-container-servlet-core/2.22.2/212c534c5b030594ccf5c4b929e8f7cbf26eb1ba/jersey-container-servlet-core-2.22.2.jar
7f9cfa163000-7f9cfa165000 r--s 00003000 08:01 4723230                    /home/massimo/.gradle/caches/modules-2/files-2.1/org.glassfish.jersey.containers/jersey-container-servlet/2.22.2/d90487b9809f822af7731abb8896a2183e7c4a0c/jersey-container-servlet-2.22.2.jar
7f9cfa165000-7f9cfa17b000 r--s 000d3000 08:01 4723229                    /home/massimo/.gradle/caches/modules-2/files-2.1/org.glassfish.jersey.core/jersey-server/2.22.2/5ede3e5f98f8b14d31d1d0fffe9908df2bd41c0f/jersey-server-2.22.2.jar
7f9cfa17b000-7f9cfa189000 r--s 0009d000 08:01 4723228                    /home/massimo/.gradle/caches/modules-2/files-2.1/org.glassfish.jersey.core/jersey-common/2.22.2/1209b89878b60ce7d49afadeff7522d2fde0e217/jersey-common-2.22.2.jar
7f9cfa189000-7f9cfa18d000 r--s 00025000 08:01 4723227                    /home/massimo/.gradle/caches/modules-2/files-2.1/org.glassfish.jersey.core/jersey-client/2.22.2/1712fff037ce5a59e3d67f90fff29222989799ee/jersey-client-2.22.2.jar
7f9cfa18d000-7f9cfa18e000 r--s 00009000 08:01 4723226                    /home/massimo/.gradle/caches/modules-2/files-2.1/org.json4s/json4s-jackson_2.11/3.2.11/23101cc7e917e2005b8b244dbd2949ca6d8ff107/json4s-jackson_2.11-3.2.11.jar
7f9cfa18e000-7f9cfa1e7000 r--s 00522000 08:01 4723225                    /home/massimo/.gradle/caches/modules-2/files-2.1/org.scala-lang/scala-library/2.11.8/ddd5a8bced249bedd86fb4578a39b9fb71480573/scala-library-2.11.8.jar
7f9cfa1e7000-7f9cfa1ea000 r--s 0002f000 08:01 4723224                    /home/massimo/.gradle/caches/modules-2/files-2.1/org.roaringbitmap/RoaringBitmap/0.5.11/e6b04760ea1896fc36beea4f11b8649481bf5af7/RoaringBitmap-0.5.11.jar
7f9cfa1ea000-7f9cfa1ec000 r--s 00038000 08:01 4723223                    /home/massimo/.gradle/caches/modules-2/files-2.1/net.jpountz.lz4/lz4/1.3.0/c708bb2590c0652a642236ef45d9f99ff842a2ce/lz4-1.3.0.jar
7f9cfa1ec000-7f9cfa1ee000 r--s 00100000 08:01 4723222                    /home/massimo/.gradle/caches/modules-2/files-2.1/org.xerial.snappy/snappy-java/1.1.2.6/48d92871ca286a47f230feb375f0bbffa83b85f6/snappy-java-1.1.2.6.jar
7f9cfa1ee000-7f9cfa1f0000 r--s 00012000 08:01 4723221                    /home/massimo/.gradle/caches/modules-2/files-2.1/com.ning/compress-lzf/1.0.3/3e1495b0c532ebe58f1c8b1c5d9b3bdcc6c1504c/compress-lzf-1.0.3.jar
7f9cfa1f0000-7f9cfa1f9000 r--s 0006f000 08:01 4723219                    /home/massimo/.gradle/caches/modules-2/files-2.1/log4j/log4j/1.2.17/5af35056b4d257e4b64b9e8069c0746e8b08629f/log4j-1.2.17.jar
7f9cfa1f9000-7f9cfa21d000 r--s 001cd000 08:01 4723214                    /home/massimo/.gradle/caches/modules-2/files-2.1/org.apache.commons/commons-math3/3.4.1/3ac44a8664228384bc68437264cf7c4cf112f579/commons-math3-3.4.1.jar
7f9cfa21d000-7f9cfa225000 r--s 0006e000 08:01 4723213                    /home/massimo/.gradle/caches/modules-2/files-2.1/org.apache.commons/commons-lang3/3.5/6c6c702c89bfff3cd9e80b04d668c5e190d588c6/commons-lang3-3.5.jar
7f9cfa225000-7f9cfa253000 r--s 00212000 08:01 4723207                    /home/massimo/.gradle/caches/modules-2/files-2.1/org.apache.spark/spark-network-common_2.11/2.1.0/e6637f380e64047c418373437254590cf7a1e0a9/spark-network-common_2.11-2.1.0.jar
7f9cfa253000-7f9cfa2a3000 r--s 00728000 08:01 4723407                    /home/massimo/.gradle/caches/modules-2/files-2.1/edu.stanford.nlp/stanford-corenlp/3.7.0/c5bc610f2014ffbd7686f0d97212b846717412b0/stanford-corenlp-3.7.0.jar
7f9cfa2a3000-7f9cfa3cb000 r--s 00faf000 08:01 4723406                    /home/massimo/.gradle/caches/modules-2/files-2.1/it.unimi.dsi/fastutil/7.1.0/9835253257524c1be7ab50c057aa2d418fb72082/fastutil-7.1.0.jar
7f9cfa3cb000-7f9cfa43f000 r--s 00572000 08:01 4723199                    /home/massimo/.gradle/caches/modules-2/files-2.1/org.apache.spark/spark-mllib_2.11/2.1.0/a749cf984c6d2e41b271204b5a33378667495838/spark-mllib_2.11-2.1.0.jar
7f9cfa43f000-7f9cfa516000 r--s 00a7f000 08:01 4723198                    /home/massimo/.gradle/caches/modules-2/files-2.1/org.apache.spark/spark-core_2.11/2.1.0/724bfcfc939a1c8a4d6d3b95497c0032d9102ec6/spark-core_2.11-2.1.0.jar
7f9cfa516000-7f9cfa517000 ---p 00000000 00:00 0 
7f9cfa517000-7f9cfa617000 rw-p 00000000 00:00 0 
7f9cfa617000-7f9cfa61a000 ---p 00000000 00:00 0 
7f9cfa61a000-7f9cfa718000 rw-p 00000000 00:00 0 
7f9cfa718000-7f9cfa71b000 ---p 00000000 00:00 0 
7f9cfa71b000-7f9cfa819000 rw-p 00000000 00:00 0 
7f9cfa819000-7f9cfa81c000 ---p 00000000 00:00 0 
7f9cfa81c000-7f9cfa91a000 rw-p 00000000 00:00 0 
7f9cfa91a000-7f9cfa91d000 ---p 00000000 00:00 0 
7f9cfa91d000-7f9cfaa1b000 rw-p 00000000 00:00 0 
7f9cfaa1b000-7f9cfaa1e000 ---p 00000000 00:00 0 
7f9cfaa1e000-7f9cfab1c000 rw-p 00000000 00:00 0 
7f9cfab1c000-7f9cfadf6000 r--p 00000000 08:01 5249276                    /usr/lib/locale/locale-archive
7f9cfadf6000-7f9cfadf9000 ---p 00000000 00:00 0 
7f9cfadf9000-7f9cfaef7000 rw-p 00000000 00:00 0 
7f9cfaef7000-7f9cfaefa000 ---p 00000000 00:00 0 
7f9cfaefa000-7f9cfaff8000 rw-p 00000000 00:00 0 
7f9cfaff8000-7f9cfaff9000 ---p 00000000 00:00 0 
7f9cfaff9000-7f9cfc000000 rw-p 00000000 00:00 0 
7f9cfc000000-7f9cfc15c000 rw-p 00000000 00:00 0 
7f9cfc15c000-7f9d00000000 ---p 00000000 00:00 0 
7f9d00000000-7f9d00002000 r--s 00003000 08:01 4723218                    /home/massimo/.gradle/caches/modules-2/files-2.1/org.slf4j/jcl-over-slf4j/1.7.16/34e48073884704ac987d3d1a1ab9b60e62028a9/jcl-over-slf4j-1.7.16.jar
7f9d00002000-7f9d00004000 r--s 00000000 08:01 4723217                    /home/massimo/.gradle/caches/modules-2/files-2.1/org.slf4j/jul-to-slf4j/1.7.16/2d5b546c5557dcbf08c3a381d7dc9bd275a602c1/jul-to-slf4j-1.7.16.jar
7f9d00004000-7f9d017fb000 rw-p 00000000 00:00 0 
7f9d017fb000-7f9d02000000 ---p 00000000 00:00 0 
7f9d02000000-7f9d02064000 rw-p 00000000 00:00 0 
7f9d02064000-7f9d04000000 ---p 00000000 00:00 0 
7f9d04000000-7f9d058e0000 rwxp 00000000 00:00 0 
7f9d058e0000-7f9d84000000 ---p 00000000 00:00 0 
7f9d84000000-7f9d85fe5000 rw-p 00000000 00:00 0 
7f9d85fe5000-7f9d88000000 ---p 00000000 00:00 0 
7f9d88000000-7f9d88001000 r--s 00002000 08:01 4723220                    /home/massimo/.gradle/caches/modules-2/files-2.1/org.slf4j/slf4j-log4j12/1.7.16/54c6dd23a7c420e40b8848e962d5f2a3534260af/slf4j-log4j12-1.7.16.jar
7f9d88001000-7f9d88004000 r--s 00006000 08:01 4723215                    /home/massimo/.gradle/caches/modules-2/files-2.1/com.google.code.findbugs/jsr305/1.3.9/40719ea6961c0cb6afaeb6a921eaa1f6afd4cfdf/jsr305-1.3.9.jar
7f9d88004000-7f9d8800a000 r--s 00035000 08:01 4723211                    /home/massimo/.gradle/caches/modules-2/files-2.1/org.apache.curator/curator-recipes/2.4.0/54ae45b88db06bdf83be8d5b36313b8e20434584/curator-recipes-2.4.0.jar
7f9d8800a000-7f9d883e0000 rw-p 00000000 00:00 0 
7f9d883e0000-7f9d885b9000 r--s 03d3e000 08:01 5255051                    /usr/lib/jvm/java-8-oracle/jre/lib/rt.jar
7f9d885b9000-7f9d8868a000 rw-p 00000000 00:00 0 
7f9d8868a000-7f9d8868b000 ---p 00000000 00:00 0 
7f9d8868b000-7f9d8878b000 rw-p 00000000 00:00 0 
7f9d8878b000-7f9d8878c000 ---p 00000000 00:00 0 
7f9d8878c000-7f9d8888c000 rw-p 00000000 00:00 0 
7f9d8888c000-7f9d8888d000 ---p 00000000 00:00 0 
7f9d8888d000-7f9d8898d000 rw-p 00000000 00:00 0 
7f9d8898d000-7f9d8898e000 ---p 00000000 00:00 0 
7f9d8898e000-7f9d88d34000 rw-p 00000000 00:00 0 
7f9d88d34000-7f9d89538000 ---p 00000000 00:00 0 
7f9d89538000-7f9d89a8e000 rw-p 00000000 00:00 0 
7f9d89a8e000-7f9d89a8f000 rw-p 00000000 00:00 0 
7f9d89a8f000-7f9d89aa9000 r-xp 00000000 08:01 5255082                    /usr/lib/jvm/java-8-oracle/jre/lib/amd64/libzip.so
7f9d89aa9000-7f9d89ca9000 ---p 0001a000 08:01 5255082                    /usr/lib/jvm/java-8-oracle/jre/lib/amd64/libzip.so
7f9d89ca9000-7f9d89caa000 rw-p 0001a000 08:01 5255082                    /usr/lib/jvm/java-8-oracle/jre/lib/amd64/libzip.so
7f9d89caa000-7f9d89cb5000 r-xp 00000000 08:01 3409249                    /lib/x86_64-linux-gnu/libnss_files-2.23.so
7f9d89cb5000-7f9d89eb4000 ---p 0000b000 08:01 3409249                    /lib/x86_64-linux-gnu/libnss_files-2.23.so
7f9d89eb4000-7f9d89eb5000 r--p 0000a000 08:01 3409249                    /lib/x86_64-linux-gnu/libnss_files-2.23.so
7f9d89eb5000-7f9d89eb6000 rw-p 0000b000 08:01 3409249                    /lib/x86_64-linux-gnu/libnss_files-2.23.so
7f9d89eb6000-7f9d89ebc000 rw-p 00000000 00:00 0 
7f9d89ebc000-7f9d89ec7000 r-xp 00000000 08:01 3408054                    /lib/x86_64-linux-gnu/libnss_nis-2.23.so
7f9d89ec7000-7f9d8a0c6000 ---p 0000b000 08:01 3408054                    /lib/x86_64-linux-gnu/libnss_nis-2.23.so
7f9d8a0c6000-7f9d8a0c7000 r--p 0000a000 08:01 3408054                    /lib/x86_64-linux-gnu/libnss_nis-2.23.so
7f9d8a0c7000-7f9d8a0c8000 rw-p 0000b000 08:01 3408054                    /lib/x86_64-linux-gnu/libnss_nis-2.23.so
7f9d8a0c8000-7f9d8a0de000 r-xp 00000000 08:01 3408071                    /lib/x86_64-linux-gnu/libnsl-2.23.so
7f9d8a0de000-7f9d8a2dd000 ---p 00016000 08:01 3408071                    /lib/x86_64-linux-gnu/libnsl-2.23.so
7f9d8a2dd000-7f9d8a2de000 r--p 00015000 08:01 3408071                    /lib/x86_64-linux-gnu/libnsl-2.23.so
7f9d8a2de000-7f9d8a2df000 rw-p 00016000 08:01 3408071                    /lib/x86_64-linux-gnu/libnsl-2.23.so
7f9d8a2df000-7f9d8a2e1000 rw-p 00000000 00:00 0 
7f9d8a2e1000-7f9d8a2e9000 r-xp 00000000 08:01 3409253                    /lib/x86_64-linux-gnu/libnss_compat-2.23.so
7f9d8a2e9000-7f9d8a4e8000 ---p 00008000 08:01 3409253                    /lib/x86_64-linux-gnu/libnss_compat-2.23.so
7f9d8a4e8000-7f9d8a4e9000 r--p 00007000 08:01 3409253                    /lib/x86_64-linux-gnu/libnss_compat-2.23.so
7f9d8a4e9000-7f9d8a4ea000 rw-p 00008000 08:01 3409253                    /lib/x86_64-linux-gnu/libnss_compat-2.23.so
7f9d8a4ea000-7f9d8a515000 r-xp 00000000 08:01 5255109                    /usr/lib/jvm/java-8-oracle/jre/lib/amd64/libjava.so
7f9d8a515000-7f9d8a714000 ---p 0002b000 08:01 5255109                    /usr/lib/jvm/java-8-oracle/jre/lib/amd64/libjava.so
7f9d8a714000-7f9d8a716000 rw-p 0002a000 08:01 5255109                    /usr/lib/jvm/java-8-oracle/jre/lib/amd64/libjava.so
7f9d8a716000-7f9d8a723000 r-xp 00000000 08:01 5255060                    /usr/lib/jvm/java-8-oracle/jre/lib/amd64/libverify.so
7f9d8a723000-7f9d8a922000 ---p 0000d000 08:01 5255060                    /usr/lib/jvm/java-8-oracle/jre/lib/amd64/libverify.so
7f9d8a922000-7f9d8a924000 rw-p 0000c000 08:01 5255060                    /usr/lib/jvm/java-8-oracle/jre/lib/amd64/libverify.so
7f9d8a924000-7f9d8a92b000 r-xp 00000000 08:01 3409255                    /lib/x86_64-linux-gnu/librt-2.23.so
7f9d8a92b000-7f9d8ab2a000 ---p 00007000 08:01 3409255                    /lib/x86_64-linux-gnu/librt-2.23.so
7f9d8ab2a000-7f9d8ab2b000 r--p 00006000 08:01 3409255                    /lib/x86_64-linux-gnu/librt-2.23.so
7f9d8ab2b000-7f9d8ab2c000 rw-p 00007000 08:01 3409255                    /lib/x86_64-linux-gnu/librt-2.23.so
7f9d8ab2c000-7f9d8ac34000 r-xp 00000000 08:01 3408057                    /lib/x86_64-linux-gnu/libm-2.23.so
7f9d8ac34000-7f9d8ae33000 ---p 00108000 08:01 3408057                    /lib/x86_64-linux-gnu/libm-2.23.so
7f9d8ae33000-7f9d8ae34000 r--p 00107000 08:01 3408057                    /lib/x86_64-linux-gnu/libm-2.23.so
7f9d8ae34000-7f9d8ae35000 rw-p 00108000 08:01 3408057                    /lib/x86_64-linux-gnu/libm-2.23.so
7f9d8ae35000-7f9d8bb03000 r-xp 00000000 08:01 5255113                    /usr/lib/jvm/java-8-oracle/jre/lib/amd64/server/libjvm.so
7f9d8bb03000-7f9d8bd03000 ---p 00cce000 08:01 5255113                    /usr/lib/jvm/java-8-oracle/jre/lib/amd64/server/libjvm.so
7f9d8bd03000-7f9d8bddc000 rw-p 00cce000 08:01 5255113                    /usr/lib/jvm/java-8-oracle/jre/lib/amd64/server/libjvm.so
7f9d8bddc000-7f9d8be27000 rw-p 00000000 00:00 0 
7f9d8be27000-7f9d8bfe6000 r-xp 00000000 08:01 3408073                    /lib/x86_64-linux-gnu/libc-2.23.so
7f9d8bfe6000-7f9d8c1e6000 ---p 001bf000 08:01 3408073                    /lib/x86_64-linux-gnu/libc-2.23.so
7f9d8c1e6000-7f9d8c1ea000 r--p 001bf000 08:01 3408073                    /lib/x86_64-linux-gnu/libc-2.23.so
7f9d8c1ea000-7f9d8c1ec000 rw-p 001c3000 08:01 3408073                    /lib/x86_64-linux-gnu/libc-2.23.so
7f9d8c1ec000-7f9d8c1f0000 rw-p 00000000 00:00 0 
7f9d8c1f0000-7f9d8c1f3000 r-xp 00000000 08:01 3408052                    /lib/x86_64-linux-gnu/libdl-2.23.so
7f9d8c1f3000-7f9d8c3f2000 ---p 00003000 08:01 3408052                    /lib/x86_64-linux-gnu/libdl-2.23.so
7f9d8c3f2000-7f9d8c3f3000 r--p 00002000 08:01 3408052                    /lib/x86_64-linux-gnu/libdl-2.23.so
7f9d8c3f3000-7f9d8c3f4000 rw-p 00003000 08:01 3408052                    /lib/x86_64-linux-gnu/libdl-2.23.so
7f9d8c3f4000-7f9d8c409000 r-xp 00000000 08:01 5255098                    /usr/lib/jvm/java-8-oracle/jre/lib/amd64/jli/libjli.so
7f9d8c409000-7f9d8c609000 ---p 00015000 08:01 5255098                    /usr/lib/jvm/java-8-oracle/jre/lib/amd64/jli/libjli.so
7f9d8c609000-7f9d8c60a000 rw-p 00015000 08:01 5255098                    /usr/lib/jvm/java-8-oracle/jre/lib/amd64/jli/libjli.so
7f9d8c60a000-7f9d8c622000 r-xp 00000000 08:01 3409263                    /lib/x86_64-linux-gnu/libpthread-2.23.so
7f9d8c622000-7f9d8c821000 ---p 00018000 08:01 3409263                    /lib/x86_64-linux-gnu/libpthread-2.23.so
7f9d8c821000-7f9d8c822000 r--p 00017000 08:01 3409263                    /lib/x86_64-linux-gnu/libpthread-2.23.so
7f9d8c822000-7f9d8c823000 rw-p 00018000 08:01 3409263                    /lib/x86_64-linux-gnu/libpthread-2.23.so
7f9d8c823000-7f9d8c827000 rw-p 00000000 00:00 0 
7f9d8c827000-7f9d8c84d000 r-xp 00000000 08:01 3408075                    /lib/x86_64-linux-gnu/ld-2.23.so
7f9d8c84d000-7f9d8c84e000 r--s 00009000 08:01 4723216                    /home/massimo/.gradle/caches/modules-2/files-2.1/org.slf4j/slf4j-api/1.7.16/3a6274f658487d5bfff9af3862beff6da1e7fd52/slf4j-api-1.7.16.jar
7f9d8c84e000-7f9d8c854000 r--s 00057000 08:01 4723210                    /home/massimo/.gradle/caches/modules-2/files-2.1/net.java.dev.jets3t/jets3t/0.7.1/2d10b62398360c674b4039ea4f2d1c697f46f6cd/jets3t-0.7.1.jar
7f9d8c854000-7f9d8c91c000 rw-p 00000000 00:00 0 
7f9d8c91c000-7f9d8c91f000 ---p 00000000 00:00 0 
7f9d8c91f000-7f9d8ca21000 rw-p 00000000 00:00 0 
7f9d8ca21000-7f9d8ca24000 r--s 00015000 08:01 4723212                    /home/massimo/.gradle/caches/modules-2/files-2.1/javax.servlet/javax.servlet-api/3.1.0/3cd63d075497751784b2fa84be59432f4905bf7c/javax.servlet-api-3.1.0.jar
7f9d8ca24000-7f9d8ca26000 r--s 00009000 08:01 4723209                    /home/massimo/.gradle/caches/modules-2/files-2.1/org.apache.spark/spark-unsafe_2.11/2.1.0/6b46f6522e72f14cce64512e63a894f6db1add/spark-unsafe_2.11-2.1.0.jar
7f9d8ca26000-7f9d8ca29000 r--s 0000d000 08:01 4723208                    /home/massimo/.gradle/caches/modules-2/files-2.1/org.apache.spark/spark-network-shuffle_2.11/2.1.0/41b9a8a2fbb1366cbff3f51e4aafe57014369024/spark-network-shuffle_2.11-2.1.0.jar
7f9d8ca29000-7f9d8ca2b000 r--s 0000f000 08:01 4723206                    /home/massimo/.gradle/caches/modules-2/files-2.1/org.apache.spark/spark-launcher_2.11/2.1.0/f43a4d49cd267531212e4c719d95b646bf427015/spark-launcher_2.11-2.1.0.jar
7f9d8ca2b000-7f9d8ca2c000 r--s 00000000 08:01 4723204                    /home/massimo/.gradle/caches/modules-2/files-2.1/org.apache.hadoop/hadoop-client/2.2.0/8bc8c12f1991d1145e40011c8a8935798948246e/hadoop-client-2.2.0.jar
7f9d8ca2c000-7f9d8ca2f000 r--s 00021000 08:01 4723203                    /home/massimo/.gradle/caches/modules-2/files-2.1/org.apache.xbean/xbean-asm5-shaded/4.4/a413bb5a8571d4c86a47e8a0272ba7ab0d1a17f5/xbean-asm5-shaded-4.4.jar
7f9d8ca2f000-7f9d8ca31000 r--s 0000b000 08:01 4723202                    /home/massimo/.gradle/caches/modules-2/files-2.1/com.twitter/chill-java/0.8.0/7ab1c85ae80f25c6e6d4aab720ff9394a5ac4d5d/chill-java-0.8.0.jar
7f9d8ca31000-7f9d8ca36000 r--s 00032000 08:01 4723201                    /home/massimo/.gradle/caches/modules-2/files-2.1/com.twitter/chill_2.11/0.8.0/3cbb2bf5382e5a2abfce0e258637060ed23266fc/chill_2.11-0.8.0.jar
7f9d8ca36000-7f9d8ca3b000 r--s 00028000 08:01 4723200                    /home/massimo/.gradle/caches/modules-2/files-2.1/org.apache.avro/avro-mapred/1.7.7/d8f23aff4a3c827c6a35009c8182872bfc0e52f5/avro-mapred-1.7.7-hadoop2.jar
7f9d8ca3b000-7f9d8ca40000 r--s 3dedb000 08:01 4723408                    /home/massimo/.gradle/caches/modules-2/files-2.1/edu.stanford.nlp/stanford-corenlp/3.7.0/e30b72a83ebca85afec184e2215ceb1517e909f0/stanford-corenlp-3.7.0-models-english.jar
7f9d8ca40000-7f9d8ca48000 rw-s 00000000 08:01 4718687                    /tmp/hsperfdata_massimo/17636
7f9d8ca48000-7f9d8ca49000 rw-p 00000000 00:00 0 
7f9d8ca49000-7f9d8ca4a000 ---p 00000000 00:00 0 
7f9d8ca4a000-7f9d8ca4c000 rw-p 00000000 00:00 0 
7f9d8ca4c000-7f9d8ca4d000 r--p 00025000 08:01 3408075                    /lib/x86_64-linux-gnu/ld-2.23.so
7f9d8ca4d000-7f9d8ca4e000 rw-p 00026000 08:01 3408075                    /lib/x86_64-linux-gnu/ld-2.23.so
7f9d8ca4e000-7f9d8ca4f000 rw-p 00000000 00:00 0 
7fff5f882000-7fff5f8b0000 rw-p 00000000 00:00 0                          [stack]
7fff5f96c000-7fff5f96e000 r--p 00000000 00:00 0                          [vvar]
7fff5f96e000-7fff5f970000 r-xp 00000000 00:00 0                          [vdso]
ffffffffff600000-ffffffffff601000 r-xp 00000000 00:00 0                  [vsyscall]

VM Arguments:
jvm_args: -Dspark.master=local[4] -Xmx8g -XX:ReservedCodeCacheSize=2g 
java_command: it.unipd.dei.dm1617.examples.TfIdfTransformation dataset/medium-sample.dat
java_class_path (initial): /home/massimo/.gradle/caches/modules-2/files-2.1/org.apache.spark/spark-core_2.11/2.1.0/724bfcfc939a1c8a4d6d3b95497c0032d9102ec6/spark-core_2.11-2.1.0.jar:/home/massimo/.gradle/caches/modules-2/files-2.1/org.apache.spark/spark-mllib_2.11/2.1.0/a749cf984c6d2e41b271204b5a33378667495838/spark-mllib_2.11-2.1.0.jar:/home/massimo/.gradle/caches/modules-2/files-2.1/it.unimi.dsi/fastutil/7.1.0/9835253257524c1be7ab50c057aa2d418fb72082/fastutil-7.1.0.jar:/home/massimo/.gradle/caches/modules-2/files-2.1/edu.stanford.nlp/stanford-corenlp/3.7.0/c5bc610f2014ffbd7686f0d97212b846717412b0/stanford-corenlp-3.7.0.jar:/home/massimo/.gradle/caches/modules-2/files-2.1/edu.stanford.nlp/stanford-corenlp/3.7.0/e30b72a83ebca85afec184e2215ceb1517e909f0/stanford-corenlp-3.7.0-models-english.jar:/home/massimo/.gradle/caches/modules-2/files-2.1/org.apache.avro/avro-mapred/1.7.7/d8f23aff4a3c827c6a35009c8182872bfc0e52f5/avro-mapred-1.7.7-hadoop2.jar:/home/massimo/.gradle/caches/modules-2/files-2.1/com.twitter/chill_2.11/0.8.0/3cbb2bf5382e5a2abfce0e258637060ed23266fc/chill_2.11-0.8.0.jar:/home/massimo/.gradle/caches/modules-2/files-2.1/com.twitter/chill-java/0.8.0/7ab1c85ae80f25c6e6d4aab720ff9394a5ac4d5d/chill-java-0.8.0.jar:/home/massimo/.gradle/caches/modules-2/files-2.1/org.apache.xbean/xbean-asm5-shaded/4.4/a413bb5a8571d4c86a47e8a0272ba7ab0d1a17f5/xbean-asm5-shaded-4.4.jar:/home/massimo/.gradle/caches/modules-2/files-2.1/org.apache.hadoop/hadoop-client/2.2.0/8bc8c12f1991d1145e40011c8a8935798948246e/hadoop-client-2.2.0.jar:/home/massimo/.gradle/caches/modules-2/files-2.1/org.apache.spark/spark-launcher_2.11/2.1.0/f43a4d49cd267531212e4c719d95b646bf427015/spark-launcher_2.11-2.1.0.jar:/home/massimo/.gradle/caches/modules-2/files-2.1/org.apache.spark/spark-network-common_2.11/2.1.0/e6637f380e64047c418373437254590cf7a1e0a9/spark-network-common_2.11-2.1.0.jar:/home/massimo/.gradle/caches/modules-2/files-2.1/org.apache.spark/spark-network-shuffle_2.11/2.1.0/41b9a8a2fbb1366
Launcher Type: SUN_STANDARD

Environment Variables:
JAVA_HOME=/usr/lib/jvm/default-java
PATH=/home/massimo/netkit/bin:/usr/games:/home/massimo/bin:/opt/OpenPrinting-Gutenprint/sbin:/opt/OpenPrinting-Gutenprint/bin:/usr/local/sbin:/usr/local/bin:/usr/sbin:/usr/bin:/sbin:/bin:/usr/games:/usr/local/games:/snap/bin:/usr/lib/jvm/java-8-oracle/bin:/usr/lib/jvm/java-8-oracle/db/bin:/usr/lib/jvm/java-8-oracle/jre/bin:/opt/android-sdk/tools:/opt/android-sdk/platform-tools:/opt/node/bin:/opt/gradle/bin:/usr/lib/jvm/default-java/bin:/home/massimo/spark-home/sbt/bin:/home/massimo/spark-home/spark/bin:/home/massimo/spark-home/spark/sbin
SHELL=/bin/bash
DISPLAY=:0

Signal Handlers:
SIGSEGV: [libjvm.so+0xac78c0], sa_mask[0]=11111111011111111101111111111110, sa_flags=SA_RESTART|SA_SIGINFO
SIGBUS: [libjvm.so+0xac78c0], sa_mask[0]=11111111011111111101111111111110, sa_flags=SA_RESTART|SA_SIGINFO
SIGFPE: [libjvm.so+0x920ac0], sa_mask[0]=11111111011111111101111111111110, sa_flags=SA_RESTART|SA_SIGINFO
SIGPIPE: [libjvm.so+0x920ac0], sa_mask[0]=11111111011111111101111111111110, sa_flags=SA_RESTART|SA_SIGINFO
SIGXFSZ: [libjvm.so+0x920ac0], sa_mask[0]=11111111011111111101111111111110, sa_flags=SA_RESTART|SA_SIGINFO
SIGILL: [libjvm.so+0x920ac0], sa_mask[0]=11111111011111111101111111111110, sa_flags=SA_RESTART|SA_SIGINFO
SIGUSR1: SIG_DFL, sa_mask[0]=00000000000000000000000000000000, sa_flags=none
SIGUSR2: [libjvm.so+0x922300], sa_mask[0]=00000000000000000000000000000000, sa_flags=SA_RESTART|SA_SIGINFO
SIGHUP: [libjvm.so+0x923700], sa_mask[0]=11111111011111111101111111111110, sa_flags=SA_RESTART|SA_SIGINFO
SIGINT: [libjvm.so+0x923700], sa_mask[0]=11111111011111111101111111111110, sa_flags=SA_RESTART|SA_SIGINFO
SIGTERM: [libjvm.so+0x923700], sa_mask[0]=11111111011111111101111111111110, sa_flags=SA_RESTART|SA_SIGINFO
SIGQUIT: [libjvm.so+0x923700], sa_mask[0]=11111111011111111101111111111110, sa_flags=SA_RESTART|SA_SIGINFO


---------------  S Y S T E M  ---------------

OS:DISTRIB_ID=Ubuntu
DISTRIB_RELEASE=16.04
DISTRIB_CODENAME=xenial
DISTRIB_DESCRIPTION="Ubuntu 16.04.2 LTS"

uname:Linux 4.4.0-72-generic #93-Ubuntu SMP Fri Mar 31 14:07:41 UTC 2017 x86_64
libc:glibc 2.23 NPTL 2.23 
rlimit: STACK 8192k, CORE 0k, NPROC 31185, NOFILE 65536, AS infinity
load average:4,24 3,80 2,81

/proc/meminfo:
MemTotal:        8023968 kB
MemFree:          121580 kB
MemAvailable:      20348 kB
Buffers:             748 kB
Cached:            82328 kB
SwapCached:            0 kB
Active:          7567364 kB
Inactive:          79172 kB
Active(anon):    7565016 kB
Inactive(anon):    59352 kB
Active(file):       2348 kB
Inactive(file):    19820 kB
Unevictable:         336 kB
Mlocked:             336 kB
SwapTotal:             0 kB
SwapFree:              0 kB
Dirty:                52 kB
Writeback:             0 kB
AnonPages:       7563736 kB
Mapped:            67452 kB
Shmem:             60844 kB
Slab:              95464 kB
SReclaimable:      48380 kB
SUnreclaim:        47084 kB
KernelStack:       13792 kB
PageTables:        66940 kB
NFS_Unstable:          0 kB
Bounce:                0 kB
WritebackTmp:          0 kB
CommitLimit:     4011984 kB
Committed_AS:   15051664 kB
VmallocTotal:   34359738367 kB
VmallocUsed:           0 kB
VmallocChunk:          0 kB
HardwareCorrupted:     0 kB
AnonHugePages:   3610624 kB
CmaTotal:              0 kB
CmaFree:               0 kB
HugePages_Total:       0
HugePages_Free:        0
HugePages_Rsvd:        0
HugePages_Surp:        0
Hugepagesize:       2048 kB
DirectMap4k:      240580 kB
DirectMap2M:     7997440 kB


CPU:total 4 (2 cores per cpu, 2 threads per core) family 6 model 37 stepping 5, cmov, cx8, fxsr, mmx, sse, sse2, sse3, ssse3, sse4.1, sse4.2, popcnt, ht, tsc, tscinvbit

/proc/cpuinfo:
processor	: 0
vendor_id	: GenuineIntel
cpu family	: 6
model		: 37
model name	: Intel(R) Core(TM) i5 CPU       M 480  @ 2.67GHz
stepping	: 5
microcode	: 0x4
cpu MHz		: 2667.000
cache size	: 3072 KB
physical id	: 0
siblings	: 4
core id		: 0
cpu cores	: 2
apicid		: 0
initial apicid	: 0
fpu		: yes
fpu_exception	: yes
cpuid level	: 11
wp		: yes
flags		: fpu vme de pse tsc msr pae mce cx8 apic sep mtrr pge mca cmov pat pse36 clflush dts acpi mmx fxsr sse sse2 ss ht tm pbe syscall nx rdtscp lm constant_tsc arch_perfmon pebs bts rep_good nopl xtopology nonstop_tsc aperfmperf pni dtes64 monitor ds_cpl vmx est tm2 ssse3 cx16 xtpr pdcm pcid sse4_1 sse4_2 popcnt lahf_lm tpr_shadow vnmi flexpriority ept vpid dtherm ida arat
bugs		:
bogomips	: 5319.98
clflush size	: 64
cache_alignment	: 64
address sizes	: 36 bits physical, 48 bits virtual
power management:

processor	: 1
vendor_id	: GenuineIntel
cpu family	: 6
model		: 37
model name	: Intel(R) Core(TM) i5 CPU       M 480  @ 2.67GHz
stepping	: 5
microcode	: 0x4
cpu MHz		: 2667.000
cache size	: 3072 KB
physical id	: 0
siblings	: 4
core id		: 2
cpu cores	: 2
apicid		: 4
initial apicid	: 4
fpu		: yes
fpu_exception	: yes
cpuid level	: 11
wp		: yes
flags		: fpu vme de pse tsc msr pae mce cx8 apic sep mtrr pge mca cmov pat pse36 clflush dts acpi mmx fxsr sse sse2 ss ht tm pbe syscall nx rdtscp lm constant_tsc arch_perfmon pebs bts rep_good nopl xtopology nonstop_tsc aperfmperf pni dtes64 monitor ds_cpl vmx est tm2 ssse3 cx16 xtpr pdcm pcid sse4_1 sse4_2 popcnt lahf_lm tpr_shadow vnmi flexpriority ept vpid dtherm ida arat
bugs		:
bogomips	: 5319.98
clflush size	: 64
cache_alignment	: 64
address sizes	: 36 bits physical, 48 bits virtual
power management:

processor	: 2
vendor_id	: GenuineIntel
cpu family	: 6
model		: 37
model name	: Intel(R) Core(TM) i5 CPU       M 480  @ 2.67GHz
stepping	: 5
microcode	: 0x4
cpu MHz		: 2133.000
cache size	: 3072 KB
physical id	: 0
siblings	: 4
core id		: 0
cpu cores	: 2
apicid		: 1
initial apicid	: 1
fpu		: yes
fpu_exception	: yes
cpuid level	: 11
wp		: yes
flags		: fpu vme de pse tsc msr pae mce cx8 apic sep mtrr pge mca cmov pat pse36 clflush dts acpi mmx fxsr sse sse2 ss ht tm pbe syscall nx rdtscp lm constant_tsc arch_perfmon pebs bts rep_good nopl xtopology nonstop_tsc aperfmperf pni dtes64 monitor ds_cpl vmx est tm2 ssse3 cx16 xtpr pdcm pcid sse4_1 sse4_2 popcnt lahf_lm tpr_shadow vnmi flexpriority ept vpid dtherm ida arat
bugs		:
bogomips	: 5319.98
clflush size	: 64
cache_alignment	: 64
address sizes	: 36 bits physical, 48 bits virtual
power management:

processor	: 3
vendor_id	: GenuineIntel
cpu family	: 6
model		: 37
model name	: Intel(R) Core(TM) i5 CPU       M 480  @ 2.67GHz
stepping	: 5
microcode	: 0x4
cpu MHz		: 2667.000
cache size	: 3072 KB
physical id	: 0
siblings	: 4
core id		: 2
cpu cores	: 2
apicid		: 5
initial apicid	: 5
fpu		: yes
fpu_exception	: yes
cpuid level	: 11
wp		: yes
flags		: fpu vme de pse tsc msr pae mce cx8 apic sep mtrr pge mca cmov pat pse36 clflush dts acpi mmx fxsr sse sse2 ss ht tm pbe syscall nx rdtscp lm constant_tsc arch_perfmon pebs bts rep_good nopl xtopology nonstop_tsc aperfmperf pni dtes64 monitor ds_cpl vmx est tm2 ssse3 cx16 xtpr pdcm pcid sse4_1 sse4_2 popcnt lahf_lm tpr_shadow vnmi flexpriority ept vpid dtherm ida arat
bugs		:
bogomips	: 5319.98
clflush size	: 64
cache_alignment	: 64
address sizes	: 36 bits physical, 48 bits virtual
power management:



Memory: 4k page, physical 8023968k(121580k free), swap 0k(0k free)

vm_info: Java HotSpot(TM) 64-Bit Server VM (25.121-b13) for linux-amd64 JRE (1.8.0_121-b13), built on Dec 12 2016 16:36:53 by "java_re" with gcc 4.3.0 20080428 (Red Hat 4.3.0-8)

time: Sat May  6 16:20:39 2017
elapsed time: 653 seconds (0d 0h 10m 53s)

